{"/home/alessandro/Workspace/Jobs/e-commerce/src/app.controller.ts": {"path":"/home/alessandro/Workspace/Jobs/e-commerce/src/app.controller.ts","all":false,"statementMap":{"0":{"start":{"line":1,"column":0},"end":{"line":1,"column":49}},"1":{"start":{"line":2,"column":0},"end":{"line":2,"column":43}},"2":{"start":{"line":3,"column":0},"end":{"line":3,"column":0}},"3":{"start":{"line":4,"column":0},"end":{"line":4,"column":13}},"4":{"start":{"line":5,"column":0},"end":{"line":5,"column":28}},"5":{"start":{"line":6,"column":0},"end":{"line":6,"column":57}},"6":{"start":{"line":7,"column":0},"end":{"line":7,"column":0}},"7":{"start":{"line":8,"column":0},"end":{"line":8,"column":8}},"8":{"start":{"line":9,"column":0},"end":{"line":9,"column":22}},"9":{"start":{"line":10,"column":0},"end":{"line":10,"column":38}},"10":{"start":{"line":11,"column":0},"end":{"line":11,"column":3}},"11":{"start":{"line":12,"column":0},"end":{"line":12,"column":1}}},"s":{"0":1,"1":1,"2":1,"3":1,"4":1,"5":1,"6":1,"7":1,"8":1,"9":1,"10":1,"11":1},"branchMap":{"0":{"type":"branch","line":6,"loc":{"start":{"line":6,"column":2},"end":{"line":6,"column":57}},"locations":[{"start":{"line":6,"column":2},"end":{"line":6,"column":57}}]},"1":{"type":"branch","line":9,"loc":{"start":{"line":9,"column":2},"end":{"line":11,"column":3}},"locations":[{"start":{"line":9,"column":2},"end":{"line":11,"column":3}}]}},"b":{"0":[1],"1":[1]},"fnMap":{"0":{"name":"AppController","decl":{"start":{"line":6,"column":2},"end":{"line":6,"column":57}},"loc":{"start":{"line":6,"column":2},"end":{"line":6,"column":57}},"line":6},"1":{"name":"getHello","decl":{"start":{"line":9,"column":2},"end":{"line":11,"column":3}},"loc":{"start":{"line":9,"column":2},"end":{"line":11,"column":3}},"line":9}},"f":{"0":1,"1":1}}
,"/home/alessandro/Workspace/Jobs/e-commerce/src/app.service.ts": {"path":"/home/alessandro/Workspace/Jobs/e-commerce/src/app.service.ts","all":false,"statementMap":{"0":{"start":{"line":1,"column":0},"end":{"line":1,"column":44}},"1":{"start":{"line":2,"column":0},"end":{"line":2,"column":0}},"2":{"start":{"line":3,"column":0},"end":{"line":3,"column":13}},"3":{"start":{"line":4,"column":0},"end":{"line":4,"column":25}},"4":{"start":{"line":5,"column":0},"end":{"line":5,"column":22}},"5":{"start":{"line":6,"column":0},"end":{"line":6,"column":26}},"6":{"start":{"line":7,"column":0},"end":{"line":7,"column":3}},"7":{"start":{"line":8,"column":0},"end":{"line":8,"column":1}}},"s":{"0":1,"1":1,"2":1,"3":1,"4":1,"5":1,"6":1,"7":1},"branchMap":{"0":{"type":"branch","line":5,"loc":{"start":{"line":5,"column":2},"end":{"line":7,"column":3}},"locations":[{"start":{"line":5,"column":2},"end":{"line":7,"column":3}}]}},"b":{"0":[1]},"fnMap":{"0":{"name":"getHello","decl":{"start":{"line":5,"column":2},"end":{"line":7,"column":3}},"loc":{"start":{"line":5,"column":2},"end":{"line":7,"column":3}},"line":5}},"f":{"0":1}}
,"/home/alessandro/Workspace/Jobs/e-commerce/src/Domain/aggregates-root/basket/Basket.domain-aggregate-root.ts": {"path":"/home/alessandro/Workspace/Jobs/e-commerce/src/Domain/aggregates-root/basket/Basket.domain-aggregate-root.ts","all":false,"statementMap":{"0":{"start":{"line":1,"column":0},"end":{"line":1,"column":72}},"1":{"start":{"line":2,"column":0},"end":{"line":2,"column":53}},"2":{"start":{"line":3,"column":0},"end":{"line":3,"column":8}},"3":{"start":{"line":4,"column":0},"end":{"line":4,"column":19}},"4":{"start":{"line":5,"column":0},"end":{"line":5,"column":15}},"5":{"start":{"line":6,"column":0},"end":{"line":6,"column":22}},"6":{"start":{"line":7,"column":0},"end":{"line":7,"column":29}},"7":{"start":{"line":8,"column":0},"end":{"line":8,"column":30}},"8":{"start":{"line":9,"column":0},"end":{"line":9,"column":71}},"9":{"start":{"line":10,"column":0},"end":{"line":10,"column":67}},"10":{"start":{"line":11,"column":0},"end":{"line":11,"column":8}},"11":{"start":{"line":12,"column":0},"end":{"line":12,"column":34}},"12":{"start":{"line":13,"column":0},"end":{"line":13,"column":21}},"13":{"start":{"line":14,"column":0},"end":{"line":14,"column":46}},"14":{"start":{"line":15,"column":0},"end":{"line":15,"column":41}},"15":{"start":{"line":16,"column":0},"end":{"line":16,"column":48}},"16":{"start":{"line":17,"column":0},"end":{"line":17,"column":47}},"17":{"start":{"line":18,"column":0},"end":{"line":18,"column":43}},"18":{"start":{"line":19,"column":0},"end":{"line":19,"column":0}},"19":{"start":{"line":20,"column":0},"end":{"line":20,"column":56}},"20":{"start":{"line":21,"column":0},"end":{"line":21,"column":64}},"21":{"start":{"line":22,"column":0},"end":{"line":22,"column":21}},"22":{"start":{"line":23,"column":0},"end":{"line":23,"column":3}},"23":{"start":{"line":24,"column":0},"end":{"line":24,"column":0}},"24":{"start":{"line":25,"column":0},"end":{"line":25,"column":29}},"25":{"start":{"line":26,"column":0},"end":{"line":26,"column":34}},"26":{"start":{"line":27,"column":0},"end":{"line":27,"column":3}},"27":{"start":{"line":28,"column":0},"end":{"line":28,"column":0}},"28":{"start":{"line":29,"column":0},"end":{"line":29,"column":34}},"29":{"start":{"line":30,"column":0},"end":{"line":30,"column":31}},"30":{"start":{"line":31,"column":0},"end":{"line":31,"column":3}},"31":{"start":{"line":32,"column":0},"end":{"line":32,"column":0}},"32":{"start":{"line":33,"column":0},"end":{"line":33,"column":29}},"33":{"start":{"line":34,"column":0},"end":{"line":34,"column":31}},"34":{"start":{"line":35,"column":0},"end":{"line":35,"column":3}},"35":{"start":{"line":36,"column":0},"end":{"line":36,"column":0}},"36":{"start":{"line":37,"column":0},"end":{"line":37,"column":36}},"37":{"start":{"line":38,"column":0},"end":{"line":38,"column":28}},"38":{"start":{"line":39,"column":0},"end":{"line":39,"column":3}},"39":{"start":{"line":40,"column":0},"end":{"line":40,"column":0}},"40":{"start":{"line":41,"column":0},"end":{"line":41,"column":27}},"41":{"start":{"line":42,"column":0},"end":{"line":42,"column":31}},"42":{"start":{"line":43,"column":0},"end":{"line":43,"column":3}},"43":{"start":{"line":44,"column":0},"end":{"line":44,"column":0}},"44":{"start":{"line":45,"column":0},"end":{"line":45,"column":22}},"45":{"start":{"line":46,"column":0},"end":{"line":46,"column":33}},"46":{"start":{"line":47,"column":0},"end":{"line":47,"column":3}},"47":{"start":{"line":48,"column":0},"end":{"line":48,"column":0}},"48":{"start":{"line":49,"column":0},"end":{"line":49,"column":33}},"49":{"start":{"line":50,"column":0},"end":{"line":50,"column":43}},"50":{"start":{"line":51,"column":0},"end":{"line":51,"column":3}},"51":{"start":{"line":52,"column":0},"end":{"line":52,"column":0}},"52":{"start":{"line":53,"column":0},"end":{"line":53,"column":31}},"53":{"start":{"line":54,"column":0},"end":{"line":54,"column":41}},"54":{"start":{"line":55,"column":0},"end":{"line":55,"column":3}},"55":{"start":{"line":56,"column":0},"end":{"line":56,"column":0}},"56":{"start":{"line":57,"column":0},"end":{"line":57,"column":36}},"57":{"start":{"line":58,"column":0},"end":{"line":58,"column":29}},"58":{"start":{"line":59,"column":0},"end":{"line":59,"column":3}},"59":{"start":{"line":60,"column":0},"end":{"line":60,"column":0}},"60":{"start":{"line":61,"column":0},"end":{"line":61,"column":36}},"61":{"start":{"line":62,"column":0},"end":{"line":62,"column":39}},"62":{"start":{"line":63,"column":0},"end":{"line":63,"column":3}},"63":{"start":{"line":64,"column":0},"end":{"line":64,"column":0}},"64":{"start":{"line":65,"column":0},"end":{"line":65,"column":28}},"65":{"start":{"line":66,"column":0},"end":{"line":66,"column":35}},"66":{"start":{"line":67,"column":0},"end":{"line":67,"column":3}},"67":{"start":{"line":68,"column":0},"end":{"line":68,"column":0}},"68":{"start":{"line":69,"column":0},"end":{"line":69,"column":29}},"69":{"start":{"line":70,"column":0},"end":{"line":70,"column":28}},"70":{"start":{"line":71,"column":0},"end":{"line":71,"column":26}},"71":{"start":{"line":72,"column":0},"end":{"line":72,"column":12}},"72":{"start":{"line":73,"column":0},"end":{"line":73,"column":58}},"73":{"start":{"line":74,"column":0},"end":{"line":74,"column":13}},"74":{"start":{"line":75,"column":0},"end":{"line":75,"column":5}},"75":{"start":{"line":76,"column":0},"end":{"line":76,"column":51}},"76":{"start":{"line":77,"column":0},"end":{"line":77,"column":55}},"77":{"start":{"line":78,"column":0},"end":{"line":78,"column":38}},"78":{"start":{"line":79,"column":0},"end":{"line":79,"column":3}},"79":{"start":{"line":80,"column":0},"end":{"line":80,"column":0}},"80":{"start":{"line":81,"column":0},"end":{"line":81,"column":57}},"81":{"start":{"line":82,"column":0},"end":{"line":82,"column":62}},"82":{"start":{"line":83,"column":0},"end":{"line":83,"column":24}},"83":{"start":{"line":84,"column":0},"end":{"line":84,"column":51}},"84":{"start":{"line":85,"column":0},"end":{"line":85,"column":5}},"85":{"start":{"line":86,"column":0},"end":{"line":86,"column":29}},"86":{"start":{"line":87,"column":0},"end":{"line":87,"column":38}},"87":{"start":{"line":88,"column":0},"end":{"line":88,"column":29}},"88":{"start":{"line":89,"column":0},"end":{"line":89,"column":3}},"89":{"start":{"line":90,"column":0},"end":{"line":90,"column":0}},"90":{"start":{"line":91,"column":0},"end":{"line":91,"column":43}},"91":{"start":{"line":92,"column":0},"end":{"line":92,"column":34}},"92":{"start":{"line":93,"column":0},"end":{"line":93,"column":38}},"93":{"start":{"line":94,"column":0},"end":{"line":94,"column":3}},"94":{"start":{"line":95,"column":0},"end":{"line":95,"column":0}},"95":{"start":{"line":96,"column":0},"end":{"line":96,"column":46}},"96":{"start":{"line":97,"column":0},"end":{"line":97,"column":49}},"97":{"start":{"line":98,"column":0},"end":{"line":98,"column":41}},"98":{"start":{"line":99,"column":0},"end":{"line":99,"column":6}},"99":{"start":{"line":100,"column":0},"end":{"line":100,"column":38}},"100":{"start":{"line":101,"column":0},"end":{"line":101,"column":3}},"101":{"start":{"line":102,"column":0},"end":{"line":102,"column":0}},"102":{"start":{"line":103,"column":0},"end":{"line":103,"column":22}},"103":{"start":{"line":104,"column":0},"end":{"line":104,"column":32}},"104":{"start":{"line":105,"column":0},"end":{"line":105,"column":38}},"105":{"start":{"line":106,"column":0},"end":{"line":106,"column":3}},"106":{"start":{"line":107,"column":0},"end":{"line":107,"column":0}},"107":{"start":{"line":108,"column":0},"end":{"line":108,"column":20}},"108":{"start":{"line":109,"column":0},"end":{"line":109,"column":31}},"109":{"start":{"line":110,"column":0},"end":{"line":110,"column":38}},"110":{"start":{"line":111,"column":0},"end":{"line":111,"column":3}},"111":{"start":{"line":112,"column":0},"end":{"line":112,"column":0}},"112":{"start":{"line":113,"column":0},"end":{"line":113,"column":38}},"113":{"start":{"line":114,"column":0},"end":{"line":114,"column":54}},"114":{"start":{"line":115,"column":0},"end":{"line":115,"column":36}},"115":{"start":{"line":116,"column":0},"end":{"line":116,"column":24}},"116":{"start":{"line":117,"column":0},"end":{"line":117,"column":70}},"117":{"start":{"line":118,"column":0},"end":{"line":118,"column":5}},"118":{"start":{"line":119,"column":0},"end":{"line":119,"column":3}},"119":{"start":{"line":120,"column":0},"end":{"line":120,"column":0}},"120":{"start":{"line":121,"column":0},"end":{"line":121,"column":41}},"121":{"start":{"line":122,"column":0},"end":{"line":122,"column":54}},"122":{"start":{"line":123,"column":0},"end":{"line":123,"column":25}},"123":{"start":{"line":124,"column":0},"end":{"line":124,"column":13}},"124":{"start":{"line":125,"column":0},"end":{"line":125,"column":5}},"125":{"start":{"line":126,"column":0},"end":{"line":126,"column":47}},"126":{"start":{"line":127,"column":0},"end":{"line":127,"column":59}},"127":{"start":{"line":128,"column":0},"end":{"line":128,"column":6}},"128":{"start":{"line":129,"column":0},"end":{"line":129,"column":3}},"129":{"start":{"line":130,"column":0},"end":{"line":130,"column":0}},"130":{"start":{"line":131,"column":0},"end":{"line":131,"column":26}},"131":{"start":{"line":132,"column":0},"end":{"line":132,"column":46}},"132":{"start":{"line":133,"column":0},"end":{"line":133,"column":28}},"133":{"start":{"line":134,"column":0},"end":{"line":134,"column":20}},"134":{"start":{"line":135,"column":0},"end":{"line":135,"column":58}},"135":{"start":{"line":136,"column":0},"end":{"line":136,"column":5}},"136":{"start":{"line":137,"column":0},"end":{"line":137,"column":3}},"137":{"start":{"line":138,"column":0},"end":{"line":138,"column":0}},"138":{"start":{"line":139,"column":0},"end":{"line":139,"column":29}},"139":{"start":{"line":140,"column":0},"end":{"line":140,"column":46}},"140":{"start":{"line":141,"column":0},"end":{"line":141,"column":21}},"141":{"start":{"line":142,"column":0},"end":{"line":142,"column":13}},"142":{"start":{"line":143,"column":0},"end":{"line":143,"column":5}},"143":{"start":{"line":144,"column":0},"end":{"line":144,"column":39}},"144":{"start":{"line":145,"column":0},"end":{"line":145,"column":53}},"145":{"start":{"line":146,"column":0},"end":{"line":146,"column":6}},"146":{"start":{"line":147,"column":0},"end":{"line":147,"column":3}},"147":{"start":{"line":148,"column":0},"end":{"line":148,"column":0}},"148":{"start":{"line":149,"column":0},"end":{"line":149,"column":23}},"149":{"start":{"line":150,"column":0},"end":{"line":150,"column":23}},"150":{"start":{"line":151,"column":0},"end":{"line":151,"column":24}},"151":{"start":{"line":152,"column":0},"end":{"line":152,"column":21}},"152":{"start":{"line":153,"column":0},"end":{"line":153,"column":69}},"153":{"start":{"line":154,"column":0},"end":{"line":154,"column":30}},"154":{"start":{"line":155,"column":0},"end":{"line":155,"column":47}},"155":{"start":{"line":156,"column":0},"end":{"line":156,"column":47}},"156":{"start":{"line":157,"column":0},"end":{"line":157,"column":7}},"157":{"start":{"line":158,"column":0},"end":{"line":158,"column":30}},"158":{"start":{"line":159,"column":0},"end":{"line":159,"column":66}},"159":{"start":{"line":160,"column":0},"end":{"line":160,"column":5}},"160":{"start":{"line":161,"column":0},"end":{"line":161,"column":68}},"161":{"start":{"line":162,"column":0},"end":{"line":162,"column":24}},"162":{"start":{"line":163,"column":0},"end":{"line":163,"column":53}},"163":{"start":{"line":164,"column":0},"end":{"line":164,"column":5}},"164":{"start":{"line":165,"column":0},"end":{"line":165,"column":52}},"165":{"start":{"line":166,"column":0},"end":{"line":166,"column":3}},"166":{"start":{"line":167,"column":0},"end":{"line":167,"column":1}}},"s":{"0":1,"1":1,"2":1,"3":1,"4":1,"5":1,"6":1,"7":1,"8":1,"9":1,"10":1,"11":1,"12":1,"13":1,"14":1,"15":1,"16":1,"17":1,"18":1,"19":1,"20":1,"21":17,"22":17,"23":1,"24":1,"25":0,"26":0,"27":1,"28":1,"29":0,"30":0,"31":1,"32":1,"33":0,"34":0,"35":1,"36":1,"37":3,"38":3,"39":1,"40":1,"41":3,"42":3,"43":1,"44":1,"45":0,"46":0,"47":1,"48":1,"49":4,"50":4,"51":1,"52":1,"53":4,"54":4,"55":1,"56":1,"57":5,"58":5,"59":1,"60":1,"61":7,"62":7,"63":1,"64":1,"65":7,"66":7,"67":1,"68":1,"69":2,"70":2,"71":2,"72":2,"73":1,"74":1,"75":1,"76":1,"77":1,"78":1,"79":1,"80":1,"81":2,"82":2,"83":1,"84":1,"85":1,"86":1,"87":1,"88":1,"89":1,"90":1,"91":2,"92":2,"93":2,"94":1,"95":1,"96":1,"97":1,"98":1,"99":1,"100":1,"101":1,"102":1,"103":1,"104":1,"105":1,"106":1,"107":1,"108":1,"109":1,"110":1,"111":1,"112":1,"113":4,"114":4,"115":4,"116":2,"117":2,"118":4,"119":1,"120":1,"121":2,"122":2,"123":1,"124":1,"125":1,"126":1,"127":1,"128":1,"129":1,"130":1,"131":4,"132":4,"133":4,"134":2,"135":2,"136":4,"137":1,"138":1,"139":1,"140":1,"141":0,"142":0,"143":1,"144":1,"145":1,"146":1,"147":1,"148":1,"149":18,"150":18,"151":18,"152":18,"153":18,"154":18,"155":18,"156":18,"157":18,"158":1,"159":1,"160":17,"161":18,"162":0,"163":0,"164":17,"165":17,"166":1},"branchMap":{"0":{"type":"branch","line":21,"loc":{"start":{"line":21,"column":2},"end":{"line":23,"column":3}},"locations":[{"start":{"line":21,"column":2},"end":{"line":23,"column":3}}]},"1":{"type":"branch","line":37,"loc":{"start":{"line":37,"column":2},"end":{"line":39,"column":3}},"locations":[{"start":{"line":37,"column":2},"end":{"line":39,"column":3}}]},"2":{"type":"branch","line":41,"loc":{"start":{"line":41,"column":2},"end":{"line":43,"column":3}},"locations":[{"start":{"line":41,"column":2},"end":{"line":43,"column":3}}]},"3":{"type":"branch","line":49,"loc":{"start":{"line":49,"column":2},"end":{"line":51,"column":3}},"locations":[{"start":{"line":49,"column":2},"end":{"line":51,"column":3}}]},"4":{"type":"branch","line":50,"loc":{"start":{"line":50,"column":37},"end":{"line":50,"column":41}},"locations":[{"start":{"line":50,"column":37},"end":{"line":50,"column":41}}]},"5":{"type":"branch","line":50,"loc":{"start":{"line":50,"column":37},"end":{"line":50,"column":42}},"locations":[{"start":{"line":50,"column":37},"end":{"line":50,"column":42}}]},"6":{"type":"branch","line":53,"loc":{"start":{"line":53,"column":2},"end":{"line":55,"column":3}},"locations":[{"start":{"line":53,"column":2},"end":{"line":55,"column":3}}]},"7":{"type":"branch","line":54,"loc":{"start":{"line":54,"column":35},"end":{"line":54,"column":39}},"locations":[{"start":{"line":54,"column":35},"end":{"line":54,"column":39}}]},"8":{"type":"branch","line":54,"loc":{"start":{"line":54,"column":35},"end":{"line":54,"column":40}},"locations":[{"start":{"line":54,"column":35},"end":{"line":54,"column":40}}]},"9":{"type":"branch","line":57,"loc":{"start":{"line":57,"column":2},"end":{"line":59,"column":3}},"locations":[{"start":{"line":57,"column":2},"end":{"line":59,"column":3}}]},"10":{"type":"branch","line":61,"loc":{"start":{"line":61,"column":2},"end":{"line":63,"column":3}},"locations":[{"start":{"line":61,"column":2},"end":{"line":63,"column":3}}]},"11":{"type":"branch","line":62,"loc":{"start":{"line":62,"column":30},"end":{"line":62,"column":34}},"locations":[{"start":{"line":62,"column":30},"end":{"line":62,"column":34}}]},"12":{"type":"branch","line":62,"loc":{"start":{"line":62,"column":30},"end":{"line":62,"column":38}},"locations":[{"start":{"line":62,"column":30},"end":{"line":62,"column":38}}]},"13":{"type":"branch","line":65,"loc":{"start":{"line":65,"column":2},"end":{"line":67,"column":3}},"locations":[{"start":{"line":65,"column":2},"end":{"line":67,"column":3}}]},"14":{"type":"branch","line":66,"loc":{"start":{"line":66,"column":26},"end":{"line":66,"column":30}},"locations":[{"start":{"line":66,"column":26},"end":{"line":66,"column":30}}]},"15":{"type":"branch","line":66,"loc":{"start":{"line":66,"column":26},"end":{"line":66,"column":34}},"locations":[{"start":{"line":66,"column":26},"end":{"line":66,"column":34}}]},"16":{"type":"branch","line":69,"loc":{"start":{"line":69,"column":2},"end":{"line":79,"column":3}},"locations":[{"start":{"line":69,"column":2},"end":{"line":79,"column":3}}]},"17":{"type":"branch","line":73,"loc":{"start":{"line":73,"column":57},"end":{"line":79,"column":3}},"locations":[{"start":{"line":73,"column":57},"end":{"line":79,"column":3}}]},"18":{"type":"branch","line":81,"loc":{"start":{"line":81,"column":2},"end":{"line":89,"column":3}},"locations":[{"start":{"line":81,"column":2},"end":{"line":89,"column":3}}]},"19":{"type":"branch","line":83,"loc":{"start":{"line":83,"column":23},"end":{"line":89,"column":3}},"locations":[{"start":{"line":83,"column":23},"end":{"line":89,"column":3}}]},"20":{"type":"branch","line":91,"loc":{"start":{"line":91,"column":2},"end":{"line":94,"column":3}},"locations":[{"start":{"line":91,"column":2},"end":{"line":94,"column":3}}]},"21":{"type":"branch","line":96,"loc":{"start":{"line":96,"column":2},"end":{"line":101,"column":3}},"locations":[{"start":{"line":96,"column":2},"end":{"line":101,"column":3}}]},"22":{"type":"branch","line":98,"loc":{"start":{"line":98,"column":6},"end":{"line":98,"column":40}},"locations":[{"start":{"line":98,"column":6},"end":{"line":98,"column":40}}]},"23":{"type":"branch","line":103,"loc":{"start":{"line":103,"column":2},"end":{"line":106,"column":3}},"locations":[{"start":{"line":103,"column":2},"end":{"line":106,"column":3}}]},"24":{"type":"branch","line":108,"loc":{"start":{"line":108,"column":2},"end":{"line":111,"column":3}},"locations":[{"start":{"line":108,"column":2},"end":{"line":111,"column":3}}]},"25":{"type":"branch","line":113,"loc":{"start":{"line":113,"column":2},"end":{"line":119,"column":3}},"locations":[{"start":{"line":113,"column":2},"end":{"line":119,"column":3}}]},"26":{"type":"branch","line":114,"loc":{"start":{"line":114,"column":45},"end":{"line":114,"column":49}},"locations":[{"start":{"line":114,"column":45},"end":{"line":114,"column":49}}]},"27":{"type":"branch","line":114,"loc":{"start":{"line":114,"column":45},"end":{"line":114,"column":53}},"locations":[{"start":{"line":114,"column":45},"end":{"line":114,"column":53}}]},"28":{"type":"branch","line":116,"loc":{"start":{"line":116,"column":23},"end":{"line":118,"column":5}},"locations":[{"start":{"line":116,"column":23},"end":{"line":118,"column":5}}]},"29":{"type":"branch","line":121,"loc":{"start":{"line":121,"column":2},"end":{"line":129,"column":3}},"locations":[{"start":{"line":121,"column":2},"end":{"line":129,"column":3}}]},"30":{"type":"branch","line":122,"loc":{"start":{"line":122,"column":45},"end":{"line":122,"column":49}},"locations":[{"start":{"line":122,"column":45},"end":{"line":122,"column":49}}]},"31":{"type":"branch","line":122,"loc":{"start":{"line":122,"column":45},"end":{"line":122,"column":53}},"locations":[{"start":{"line":122,"column":45},"end":{"line":122,"column":53}}]},"32":{"type":"branch","line":123,"loc":{"start":{"line":123,"column":24},"end":{"line":129,"column":3}},"locations":[{"start":{"line":123,"column":24},"end":{"line":129,"column":3}}]},"33":{"type":"branch","line":127,"loc":{"start":{"line":127,"column":6},"end":{"line":127,"column":58}},"locations":[{"start":{"line":127,"column":6},"end":{"line":127,"column":58}}]},"34":{"type":"branch","line":131,"loc":{"start":{"line":131,"column":2},"end":{"line":137,"column":3}},"locations":[{"start":{"line":131,"column":2},"end":{"line":137,"column":3}}]},"35":{"type":"branch","line":132,"loc":{"start":{"line":132,"column":37},"end":{"line":132,"column":41}},"locations":[{"start":{"line":132,"column":37},"end":{"line":132,"column":41}}]},"36":{"type":"branch","line":132,"loc":{"start":{"line":132,"column":37},"end":{"line":132,"column":45}},"locations":[{"start":{"line":132,"column":37},"end":{"line":132,"column":45}}]},"37":{"type":"branch","line":134,"loc":{"start":{"line":134,"column":19},"end":{"line":136,"column":5}},"locations":[{"start":{"line":134,"column":19},"end":{"line":136,"column":5}}]},"38":{"type":"branch","line":139,"loc":{"start":{"line":139,"column":2},"end":{"line":147,"column":3}},"locations":[{"start":{"line":139,"column":2},"end":{"line":147,"column":3}}]},"39":{"type":"branch","line":140,"loc":{"start":{"line":140,"column":37},"end":{"line":140,"column":45}},"locations":[{"start":{"line":140,"column":37},"end":{"line":140,"column":45}}]},"40":{"type":"branch","line":141,"loc":{"start":{"line":141,"column":20},"end":{"line":143,"column":5}},"locations":[{"start":{"line":141,"column":20},"end":{"line":143,"column":5}}]},"41":{"type":"branch","line":145,"loc":{"start":{"line":145,"column":6},"end":{"line":145,"column":52}},"locations":[{"start":{"line":145,"column":6},"end":{"line":145,"column":52}}]},"42":{"type":"branch","line":149,"loc":{"start":{"line":149,"column":16},"end":{"line":166,"column":3}},"locations":[{"start":{"line":149,"column":16},"end":{"line":166,"column":3}}]},"43":{"type":"branch","line":158,"loc":{"start":{"line":158,"column":29},"end":{"line":160,"column":5}},"locations":[{"start":{"line":158,"column":29},"end":{"line":160,"column":5}}]},"44":{"type":"branch","line":161,"loc":{"start":{"line":161,"column":-1},"end":{"line":162,"column":23}},"locations":[{"start":{"line":161,"column":-1},"end":{"line":162,"column":23}}]},"45":{"type":"branch","line":162,"loc":{"start":{"line":162,"column":23},"end":{"line":164,"column":5}},"locations":[{"start":{"line":162,"column":23},"end":{"line":164,"column":5}}]},"46":{"type":"branch","line":165,"loc":{"start":{"line":165,"column":-1},"end":{"line":166,"column":3}},"locations":[{"start":{"line":165,"column":-1},"end":{"line":166,"column":3}}]}},"b":{"0":[17],"1":[3],"2":[3],"3":[4],"4":[1],"5":[3],"6":[4],"7":[1],"8":[3],"9":[5],"10":[7],"11":[4],"12":[3],"13":[7],"14":[5],"15":[2],"16":[2],"17":[1],"18":[2],"19":[1],"20":[2],"21":[1],"22":[2],"23":[1],"24":[1],"25":[4],"26":[2],"27":[2],"28":[2],"29":[2],"30":[1],"31":[1],"32":[1],"33":[2],"34":[4],"35":[2],"36":[2],"37":[2],"38":[1],"39":[0],"40":[0],"41":[2],"42":[18],"43":[1],"44":[17],"45":[0],"46":[17]},"fnMap":{"0":{"name":"Basket","decl":{"start":{"line":21,"column":2},"end":{"line":23,"column":3}},"loc":{"start":{"line":21,"column":2},"end":{"line":23,"column":3}},"line":21},"1":{"name":"get description","decl":{"start":{"line":25,"column":2},"end":{"line":27,"column":3}},"loc":{"start":{"line":25,"column":2},"end":{"line":27,"column":3}},"line":25},"2":{"name":"get category","decl":{"start":{"line":29,"column":2},"end":{"line":31,"column":3}},"loc":{"start":{"line":29,"column":2},"end":{"line":31,"column":3}},"line":29},"3":{"name":"get products","decl":{"start":{"line":33,"column":2},"end":{"line":35,"column":3}},"loc":{"start":{"line":33,"column":2},"end":{"line":35,"column":3}},"line":33},"4":{"name":"get price","decl":{"start":{"line":37,"column":2},"end":{"line":39,"column":3}},"loc":{"start":{"line":37,"column":2},"end":{"line":39,"column":3}},"line":37},"5":{"name":"get isActive","decl":{"start":{"line":41,"column":2},"end":{"line":43,"column":3}},"loc":{"start":{"line":41,"column":2},"end":{"line":43,"column":3}},"line":41},"6":{"name":"get info","decl":{"start":{"line":45,"column":2},"end":{"line":47,"column":3}},"loc":{"start":{"line":45,"column":2},"end":{"line":47,"column":3}},"line":45},"7":{"name":"get numberOfRatings","decl":{"start":{"line":49,"column":2},"end":{"line":51,"column":3}},"loc":{"start":{"line":49,"column":2},"end":{"line":51,"column":3}},"line":49},"8":{"name":"get ratingAverage","decl":{"start":{"line":53,"column":2},"end":{"line":55,"column":3}},"loc":{"start":{"line":53,"column":2},"end":{"line":55,"column":3}},"line":53},"9":{"name":"get images","decl":{"start":{"line":57,"column":2},"end":{"line":59,"column":3}},"loc":{"start":{"line":57,"column":2},"end":{"line":59,"column":3}},"line":57},"10":{"name":"get comments","decl":{"start":{"line":61,"column":2},"end":{"line":63,"column":3}},"loc":{"start":{"line":61,"column":2},"end":{"line":63,"column":3}},"line":61},"11":{"name":"get tags","decl":{"start":{"line":65,"column":2},"end":{"line":67,"column":3}},"loc":{"start":{"line":65,"column":2},"end":{"line":67,"column":3}},"line":65},"12":{"name":"updateBasketRating","decl":{"start":{"line":69,"column":2},"end":{"line":79,"column":3}},"loc":{"start":{"line":69,"column":2},"end":{"line":79,"column":3}},"line":69},"13":{"name":"changePrice","decl":{"start":{"line":81,"column":2},"end":{"line":89,"column":3}},"loc":{"start":{"line":81,"column":2},"end":{"line":89,"column":3}},"line":81},"14":{"name":"addImage","decl":{"start":{"line":91,"column":2},"end":{"line":94,"column":3}},"loc":{"start":{"line":91,"column":2},"end":{"line":94,"column":3}},"line":91},"15":{"name":"removeImage","decl":{"start":{"line":96,"column":2},"end":{"line":101,"column":3}},"loc":{"start":{"line":96,"column":2},"end":{"line":101,"column":3}},"line":96},"16":{"name":"deactivate","decl":{"start":{"line":103,"column":2},"end":{"line":106,"column":3}},"loc":{"start":{"line":103,"column":2},"end":{"line":106,"column":3}},"line":103},"17":{"name":"activate","decl":{"start":{"line":108,"column":2},"end":{"line":111,"column":3}},"loc":{"start":{"line":108,"column":2},"end":{"line":111,"column":3}},"line":108},"18":{"name":"addComment","decl":{"start":{"line":113,"column":2},"end":{"line":119,"column":3}},"loc":{"start":{"line":113,"column":2},"end":{"line":119,"column":3}},"line":113},"19":{"name":"removeComment","decl":{"start":{"line":121,"column":2},"end":{"line":129,"column":3}},"loc":{"start":{"line":121,"column":2},"end":{"line":129,"column":3}},"line":121},"20":{"name":"addTag","decl":{"start":{"line":131,"column":2},"end":{"line":137,"column":3}},"loc":{"start":{"line":131,"column":2},"end":{"line":137,"column":3}},"line":131},"21":{"name":"removeTag","decl":{"start":{"line":139,"column":2},"end":{"line":147,"column":3}},"loc":{"start":{"line":139,"column":2},"end":{"line":147,"column":3}},"line":139},"22":{"name":"create","decl":{"start":{"line":149,"column":16},"end":{"line":166,"column":3}},"loc":{"start":{"line":149,"column":16},"end":{"line":166,"column":3}},"line":149}},"f":{"0":17,"1":0,"2":0,"3":0,"4":3,"5":3,"6":0,"7":4,"8":4,"9":5,"10":7,"11":7,"12":2,"13":2,"14":2,"15":1,"16":1,"17":1,"18":4,"19":2,"20":4,"21":1,"22":18}}
,"/home/alessandro/Workspace/Jobs/e-commerce/src/Domain/aggregates-root/basket/BasketErrors.domain-aggregate-root.ts": {"path":"/home/alessandro/Workspace/Jobs/e-commerce/src/Domain/aggregates-root/basket/BasketErrors.domain-aggregate-root.ts","all":false,"statementMap":{"0":{"start":{"line":1,"column":0},"end":{"line":1,"column":8}},"1":{"start":{"line":2,"column":0},"end":{"line":2,"column":32}},"2":{"start":{"line":3,"column":0},"end":{"line":3,"column":32}},"3":{"start":{"line":4,"column":0},"end":{"line":4,"column":12}},"4":{"start":{"line":5,"column":0},"end":{"line":5,"column":0}},"5":{"start":{"line":6,"column":0},"end":{"line":6,"column":163}},"6":{"start":{"line":7,"column":0},"end":{"line":7,"column":33}},"7":{"start":{"line":8,"column":0},"end":{"line":8,"column":50}}},"s":{"0":1,"1":1,"2":1,"3":1,"4":1,"5":1,"6":1,"7":1},"branchMap":{},"b":{},"fnMap":{},"f":{}}
,"/home/alessandro/Workspace/Jobs/e-commerce/src/Domain/aggregates-root/basket/BasketId.domain-aggregate-root.ts": {"path":"/home/alessandro/Workspace/Jobs/e-commerce/src/Domain/aggregates-root/basket/BasketId.domain-aggregate-root.ts","all":false,"statementMap":{"0":{"start":{"line":1,"column":0},"end":{"line":1,"column":57}},"1":{"start":{"line":2,"column":0},"end":{"line":2,"column":43}},"2":{"start":{"line":3,"column":0},"end":{"line":3,"column":28}},"3":{"start":{"line":4,"column":0},"end":{"line":4,"column":20}},"4":{"start":{"line":5,"column":0},"end":{"line":5,"column":3}},"5":{"start":{"line":6,"column":0},"end":{"line":6,"column":44}},"6":{"start":{"line":7,"column":0},"end":{"line":7,"column":20}},"7":{"start":{"line":8,"column":0},"end":{"line":8,"column":3}},"8":{"start":{"line":9,"column":0},"end":{"line":9,"column":0}},"9":{"start":{"line":10,"column":0},"end":{"line":10,"column":55}},"10":{"start":{"line":11,"column":0},"end":{"line":11,"column":28}},"11":{"start":{"line":12,"column":0},"end":{"line":12,"column":3}},"12":{"start":{"line":13,"column":0},"end":{"line":13,"column":1}}},"s":{"0":1,"1":1,"2":1,"3":1,"4":1,"5":1,"6":1,"7":1,"8":1,"9":1,"10":1,"11":1,"12":1},"branchMap":{"0":{"type":"branch","line":3,"loc":{"start":{"line":3,"column":2},"end":{"line":5,"column":3}},"locations":[{"start":{"line":3,"column":2},"end":{"line":5,"column":3}}]},"1":{"type":"branch","line":6,"loc":{"start":{"line":6,"column":2},"end":{"line":8,"column":3}},"locations":[{"start":{"line":6,"column":2},"end":{"line":8,"column":3}}]},"2":{"type":"branch","line":10,"loc":{"start":{"line":10,"column":16},"end":{"line":12,"column":3}},"locations":[{"start":{"line":10,"column":16},"end":{"line":12,"column":3}}]}},"b":{"0":[1],"1":[1],"2":[1]},"fnMap":{"0":{"name":"get id","decl":{"start":{"line":3,"column":2},"end":{"line":5,"column":3}},"loc":{"start":{"line":3,"column":2},"end":{"line":5,"column":3}},"line":3},"1":{"name":"BasketId","decl":{"start":{"line":6,"column":2},"end":{"line":8,"column":3}},"loc":{"start":{"line":6,"column":2},"end":{"line":8,"column":3}},"line":6},"2":{"name":"create","decl":{"start":{"line":10,"column":16},"end":{"line":12,"column":3}},"loc":{"start":{"line":10,"column":16},"end":{"line":12,"column":3}},"line":10}},"f":{"0":1,"1":1,"2":1}}
,"/home/alessandro/Workspace/Jobs/e-commerce/src/Domain/aggregates-root/product/Product.domain-aggregate-root.ts": {"path":"/home/alessandro/Workspace/Jobs/e-commerce/src/Domain/aggregates-root/product/Product.domain-aggregate-root.ts","all":false,"statementMap":{"0":{"start":{"line":1,"column":0},"end":{"line":1,"column":72}},"1":{"start":{"line":2,"column":0},"end":{"line":2,"column":63}},"2":{"start":{"line":3,"column":0},"end":{"line":3,"column":8}},"3":{"start":{"line":4,"column":0},"end":{"line":4,"column":38}},"4":{"start":{"line":5,"column":0},"end":{"line":5,"column":33}},"5":{"start":{"line":6,"column":0},"end":{"line":6,"column":39}},"6":{"start":{"line":7,"column":0},"end":{"line":7,"column":21}},"7":{"start":{"line":8,"column":0},"end":{"line":8,"column":0}},"8":{"start":{"line":9,"column":0},"end":{"line":9,"column":8}},"9":{"start":{"line":10,"column":0},"end":{"line":10,"column":19}},"10":{"start":{"line":11,"column":0},"end":{"line":11,"column":15}},"11":{"start":{"line":12,"column":0},"end":{"line":12,"column":22}},"12":{"start":{"line":13,"column":0},"end":{"line":13,"column":29}},"13":{"start":{"line":14,"column":0},"end":{"line":14,"column":73}},"14":{"start":{"line":15,"column":0},"end":{"line":15,"column":8}},"15":{"start":{"line":16,"column":0},"end":{"line":16,"column":35}},"16":{"start":{"line":17,"column":0},"end":{"line":17,"column":35}},"17":{"start":{"line":18,"column":0},"end":{"line":18,"column":22}},"18":{"start":{"line":19,"column":0},"end":{"line":19,"column":47}},"19":{"start":{"line":20,"column":0},"end":{"line":20,"column":49}},"20":{"start":{"line":21,"column":0},"end":{"line":21,"column":48}},"21":{"start":{"line":22,"column":0},"end":{"line":22,"column":44}},"22":{"start":{"line":23,"column":0},"end":{"line":23,"column":0}},"23":{"start":{"line":24,"column":0},"end":{"line":24,"column":58}},"24":{"start":{"line":25,"column":0},"end":{"line":25,"column":65}},"25":{"start":{"line":26,"column":0},"end":{"line":26,"column":21}},"26":{"start":{"line":27,"column":0},"end":{"line":27,"column":3}},"27":{"start":{"line":28,"column":0},"end":{"line":28,"column":0}},"28":{"start":{"line":29,"column":0},"end":{"line":29,"column":28}},"29":{"start":{"line":30,"column":0},"end":{"line":30,"column":20}},"30":{"start":{"line":31,"column":0},"end":{"line":31,"column":3}},"31":{"start":{"line":32,"column":0},"end":{"line":32,"column":0}},"32":{"start":{"line":33,"column":0},"end":{"line":33,"column":22}},"33":{"start":{"line":34,"column":0},"end":{"line":34,"column":33}},"34":{"start":{"line":35,"column":0},"end":{"line":35,"column":3}},"35":{"start":{"line":36,"column":0},"end":{"line":36,"column":0}},"36":{"start":{"line":37,"column":0},"end":{"line":37,"column":29}},"37":{"start":{"line":38,"column":0},"end":{"line":38,"column":34}},"38":{"start":{"line":39,"column":0},"end":{"line":39,"column":3}},"39":{"start":{"line":40,"column":0},"end":{"line":40,"column":0}},"40":{"start":{"line":41,"column":0},"end":{"line":41,"column":35}},"41":{"start":{"line":42,"column":0},"end":{"line":42,"column":31}},"42":{"start":{"line":43,"column":0},"end":{"line":43,"column":3}},"43":{"start":{"line":44,"column":0},"end":{"line":44,"column":0}},"44":{"start":{"line":45,"column":0},"end":{"line":45,"column":28}},"45":{"start":{"line":46,"column":0},"end":{"line":46,"column":32}},"46":{"start":{"line":47,"column":0},"end":{"line":47,"column":3}},"47":{"start":{"line":48,"column":0},"end":{"line":48,"column":0}},"48":{"start":{"line":49,"column":0},"end":{"line":49,"column":36}},"49":{"start":{"line":50,"column":0},"end":{"line":50,"column":28}},"50":{"start":{"line":51,"column":0},"end":{"line":51,"column":3}},"51":{"start":{"line":52,"column":0},"end":{"line":52,"column":0}},"52":{"start":{"line":53,"column":0},"end":{"line":53,"column":35}},"53":{"start":{"line":54,"column":0},"end":{"line":54,"column":40}},"54":{"start":{"line":55,"column":0},"end":{"line":55,"column":3}},"55":{"start":{"line":56,"column":0},"end":{"line":56,"column":0}},"56":{"start":{"line":57,"column":0},"end":{"line":57,"column":36}},"57":{"start":{"line":58,"column":0},"end":{"line":58,"column":29}},"58":{"start":{"line":59,"column":0},"end":{"line":59,"column":3}},"59":{"start":{"line":60,"column":0},"end":{"line":60,"column":0}},"60":{"start":{"line":61,"column":0},"end":{"line":61,"column":27}},"61":{"start":{"line":62,"column":0},"end":{"line":62,"column":31}},"62":{"start":{"line":63,"column":0},"end":{"line":63,"column":3}},"63":{"start":{"line":64,"column":0},"end":{"line":64,"column":0}},"64":{"start":{"line":65,"column":0},"end":{"line":65,"column":33}},"65":{"start":{"line":66,"column":0},"end":{"line":66,"column":43}},"66":{"start":{"line":67,"column":0},"end":{"line":67,"column":3}},"67":{"start":{"line":68,"column":0},"end":{"line":68,"column":0}},"68":{"start":{"line":69,"column":0},"end":{"line":69,"column":31}},"69":{"start":{"line":70,"column":0},"end":{"line":70,"column":41}},"70":{"start":{"line":71,"column":0},"end":{"line":71,"column":3}},"71":{"start":{"line":72,"column":0},"end":{"line":72,"column":0}},"72":{"start":{"line":73,"column":0},"end":{"line":73,"column":36}},"73":{"start":{"line":74,"column":0},"end":{"line":74,"column":39}},"74":{"start":{"line":75,"column":0},"end":{"line":75,"column":3}},"75":{"start":{"line":76,"column":0},"end":{"line":76,"column":0}},"76":{"start":{"line":77,"column":0},"end":{"line":77,"column":28}},"77":{"start":{"line":78,"column":0},"end":{"line":78,"column":35}},"78":{"start":{"line":79,"column":0},"end":{"line":79,"column":3}},"79":{"start":{"line":80,"column":0},"end":{"line":80,"column":0}},"80":{"start":{"line":81,"column":0},"end":{"line":81,"column":30}},"81":{"start":{"line":82,"column":0},"end":{"line":82,"column":28}},"82":{"start":{"line":83,"column":0},"end":{"line":83,"column":26}},"83":{"start":{"line":84,"column":0},"end":{"line":84,"column":12}},"84":{"start":{"line":85,"column":0},"end":{"line":85,"column":59}},"85":{"start":{"line":86,"column":0},"end":{"line":86,"column":13}},"86":{"start":{"line":87,"column":0},"end":{"line":87,"column":5}},"87":{"start":{"line":88,"column":0},"end":{"line":88,"column":51}},"88":{"start":{"line":89,"column":0},"end":{"line":89,"column":55}},"89":{"start":{"line":90,"column":0},"end":{"line":90,"column":38}},"90":{"start":{"line":91,"column":0},"end":{"line":91,"column":3}},"91":{"start":{"line":92,"column":0},"end":{"line":92,"column":0}},"92":{"start":{"line":93,"column":0},"end":{"line":93,"column":57}},"93":{"start":{"line":94,"column":0},"end":{"line":94,"column":62}},"94":{"start":{"line":95,"column":0},"end":{"line":95,"column":24}},"95":{"start":{"line":96,"column":0},"end":{"line":96,"column":52}},"96":{"start":{"line":97,"column":0},"end":{"line":97,"column":5}},"97":{"start":{"line":98,"column":0},"end":{"line":98,"column":29}},"98":{"start":{"line":99,"column":0},"end":{"line":99,"column":38}},"99":{"start":{"line":100,"column":0},"end":{"line":100,"column":29}},"100":{"start":{"line":101,"column":0},"end":{"line":101,"column":3}},"101":{"start":{"line":102,"column":0},"end":{"line":102,"column":0}},"102":{"start":{"line":103,"column":0},"end":{"line":103,"column":43}},"103":{"start":{"line":104,"column":0},"end":{"line":104,"column":34}},"104":{"start":{"line":105,"column":0},"end":{"line":105,"column":38}},"105":{"start":{"line":106,"column":0},"end":{"line":106,"column":3}},"106":{"start":{"line":107,"column":0},"end":{"line":107,"column":0}},"107":{"start":{"line":108,"column":0},"end":{"line":108,"column":46}},"108":{"start":{"line":109,"column":0},"end":{"line":109,"column":49}},"109":{"start":{"line":110,"column":0},"end":{"line":110,"column":41}},"110":{"start":{"line":111,"column":0},"end":{"line":111,"column":6}},"111":{"start":{"line":112,"column":0},"end":{"line":112,"column":38}},"112":{"start":{"line":113,"column":0},"end":{"line":113,"column":3}},"113":{"start":{"line":114,"column":0},"end":{"line":114,"column":0}},"114":{"start":{"line":115,"column":0},"end":{"line":115,"column":39}},"115":{"start":{"line":116,"column":0},"end":{"line":116,"column":71}},"116":{"start":{"line":117,"column":0},"end":{"line":117,"column":24}},"117":{"start":{"line":118,"column":0},"end":{"line":118,"column":13}},"118":{"start":{"line":119,"column":0},"end":{"line":119,"column":5}},"119":{"start":{"line":120,"column":0},"end":{"line":120,"column":44}},"120":{"start":{"line":121,"column":0},"end":{"line":121,"column":38}},"121":{"start":{"line":122,"column":0},"end":{"line":122,"column":3}},"122":{"start":{"line":123,"column":0},"end":{"line":123,"column":0}},"123":{"start":{"line":124,"column":0},"end":{"line":124,"column":26}},"124":{"start":{"line":125,"column":0},"end":{"line":125,"column":35}},"125":{"start":{"line":126,"column":0},"end":{"line":126,"column":3}},"126":{"start":{"line":127,"column":0},"end":{"line":127,"column":0}},"127":{"start":{"line":128,"column":0},"end":{"line":128,"column":26}},"128":{"start":{"line":129,"column":0},"end":{"line":129,"column":56}},"129":{"start":{"line":130,"column":0},"end":{"line":130,"column":35}},"130":{"start":{"line":131,"column":0},"end":{"line":131,"column":6}},"131":{"start":{"line":132,"column":0},"end":{"line":132,"column":24}},"132":{"start":{"line":133,"column":0},"end":{"line":133,"column":13}},"133":{"start":{"line":134,"column":0},"end":{"line":134,"column":5}},"134":{"start":{"line":135,"column":0},"end":{"line":135,"column":35}},"135":{"start":{"line":136,"column":0},"end":{"line":136,"column":38}},"136":{"start":{"line":137,"column":0},"end":{"line":137,"column":3}},"137":{"start":{"line":138,"column":0},"end":{"line":138,"column":0}},"138":{"start":{"line":139,"column":0},"end":{"line":139,"column":50}},"139":{"start":{"line":140,"column":0},"end":{"line":140,"column":69}},"140":{"start":{"line":141,"column":0},"end":{"line":141,"column":18}},"141":{"start":{"line":142,"column":0},"end":{"line":142,"column":48}},"142":{"start":{"line":143,"column":0},"end":{"line":143,"column":48}},"143":{"start":{"line":144,"column":0},"end":{"line":144,"column":7}},"144":{"start":{"line":145,"column":0},"end":{"line":145,"column":30}},"145":{"start":{"line":146,"column":0},"end":{"line":146,"column":65}},"146":{"start":{"line":147,"column":0},"end":{"line":147,"column":5}},"147":{"start":{"line":148,"column":0},"end":{"line":148,"column":35}},"148":{"start":{"line":149,"column":0},"end":{"line":149,"column":38}},"149":{"start":{"line":150,"column":0},"end":{"line":150,"column":29}},"150":{"start":{"line":151,"column":0},"end":{"line":151,"column":3}},"151":{"start":{"line":152,"column":0},"end":{"line":152,"column":0}},"152":{"start":{"line":153,"column":0},"end":{"line":153,"column":22}},"153":{"start":{"line":154,"column":0},"end":{"line":154,"column":32}},"154":{"start":{"line":155,"column":0},"end":{"line":155,"column":38}},"155":{"start":{"line":156,"column":0},"end":{"line":156,"column":3}},"156":{"start":{"line":157,"column":0},"end":{"line":157,"column":0}},"157":{"start":{"line":158,"column":0},"end":{"line":158,"column":20}},"158":{"start":{"line":159,"column":0},"end":{"line":159,"column":31}},"159":{"start":{"line":160,"column":0},"end":{"line":160,"column":38}},"160":{"start":{"line":161,"column":0},"end":{"line":161,"column":3}},"161":{"start":{"line":162,"column":0},"end":{"line":162,"column":0}},"162":{"start":{"line":163,"column":0},"end":{"line":163,"column":38}},"163":{"start":{"line":164,"column":0},"end":{"line":164,"column":54}},"164":{"start":{"line":165,"column":0},"end":{"line":165,"column":36}},"165":{"start":{"line":166,"column":0},"end":{"line":166,"column":24}},"166":{"start":{"line":167,"column":0},"end":{"line":167,"column":70}},"167":{"start":{"line":168,"column":0},"end":{"line":168,"column":5}},"168":{"start":{"line":169,"column":0},"end":{"line":169,"column":3}},"169":{"start":{"line":170,"column":0},"end":{"line":170,"column":0}},"170":{"start":{"line":171,"column":0},"end":{"line":171,"column":41}},"171":{"start":{"line":172,"column":0},"end":{"line":172,"column":54}},"172":{"start":{"line":173,"column":0},"end":{"line":173,"column":25}},"173":{"start":{"line":174,"column":0},"end":{"line":174,"column":13}},"174":{"start":{"line":175,"column":0},"end":{"line":175,"column":5}},"175":{"start":{"line":176,"column":0},"end":{"line":176,"column":47}},"176":{"start":{"line":177,"column":0},"end":{"line":177,"column":59}},"177":{"start":{"line":178,"column":0},"end":{"line":178,"column":6}},"178":{"start":{"line":179,"column":0},"end":{"line":179,"column":3}},"179":{"start":{"line":180,"column":0},"end":{"line":180,"column":0}},"180":{"start":{"line":181,"column":0},"end":{"line":181,"column":26}},"181":{"start":{"line":182,"column":0},"end":{"line":182,"column":46}},"182":{"start":{"line":183,"column":0},"end":{"line":183,"column":28}},"183":{"start":{"line":184,"column":0},"end":{"line":184,"column":20}},"184":{"start":{"line":185,"column":0},"end":{"line":185,"column":58}},"185":{"start":{"line":186,"column":0},"end":{"line":186,"column":5}},"186":{"start":{"line":187,"column":0},"end":{"line":187,"column":3}},"187":{"start":{"line":188,"column":0},"end":{"line":188,"column":0}},"188":{"start":{"line":189,"column":0},"end":{"line":189,"column":29}},"189":{"start":{"line":190,"column":0},"end":{"line":190,"column":46}},"190":{"start":{"line":191,"column":0},"end":{"line":191,"column":21}},"191":{"start":{"line":192,"column":0},"end":{"line":192,"column":13}},"192":{"start":{"line":193,"column":0},"end":{"line":193,"column":5}},"193":{"start":{"line":194,"column":0},"end":{"line":194,"column":39}},"194":{"start":{"line":195,"column":0},"end":{"line":195,"column":53}},"195":{"start":{"line":196,"column":0},"end":{"line":196,"column":6}},"196":{"start":{"line":197,"column":0},"end":{"line":197,"column":3}},"197":{"start":{"line":198,"column":0},"end":{"line":198,"column":0}},"198":{"start":{"line":199,"column":0},"end":{"line":199,"column":23}},"199":{"start":{"line":200,"column":0},"end":{"line":200,"column":24}},"200":{"start":{"line":201,"column":0},"end":{"line":201,"column":24}},"201":{"start":{"line":202,"column":0},"end":{"line":202,"column":22}},"202":{"start":{"line":203,"column":0},"end":{"line":203,"column":69}},"203":{"start":{"line":204,"column":0},"end":{"line":204,"column":30}},"204":{"start":{"line":205,"column":0},"end":{"line":205,"column":48}},"205":{"start":{"line":206,"column":0},"end":{"line":206,"column":48}},"206":{"start":{"line":207,"column":0},"end":{"line":207,"column":7}},"207":{"start":{"line":208,"column":0},"end":{"line":208,"column":30}},"208":{"start":{"line":209,"column":0},"end":{"line":209,"column":68}},"209":{"start":{"line":210,"column":0},"end":{"line":210,"column":5}},"210":{"start":{"line":211,"column":0},"end":{"line":211,"column":64}},"211":{"start":{"line":212,"column":0},"end":{"line":212,"column":30}},"212":{"start":{"line":213,"column":0},"end":{"line":213,"column":6}},"213":{"start":{"line":214,"column":0},"end":{"line":214,"column":27}},"214":{"start":{"line":215,"column":0},"end":{"line":215,"column":68}},"215":{"start":{"line":216,"column":0},"end":{"line":216,"column":5}},"216":{"start":{"line":217,"column":0},"end":{"line":217,"column":68}},"217":{"start":{"line":218,"column":0},"end":{"line":218,"column":24}},"218":{"start":{"line":219,"column":0},"end":{"line":219,"column":55}},"219":{"start":{"line":220,"column":0},"end":{"line":220,"column":5}},"220":{"start":{"line":221,"column":0},"end":{"line":221,"column":54}},"221":{"start":{"line":222,"column":0},"end":{"line":222,"column":3}},"222":{"start":{"line":223,"column":0},"end":{"line":223,"column":1}}},"s":{"0":1,"1":1,"2":1,"3":1,"4":1,"5":1,"6":1,"7":1,"8":1,"9":1,"10":1,"11":1,"12":1,"13":1,"14":1,"15":1,"16":1,"17":1,"18":1,"19":1,"20":1,"21":1,"22":1,"23":1,"24":1,"25":25,"26":25,"27":1,"28":1,"29":1,"30":1,"31":1,"32":1,"33":0,"34":0,"35":1,"36":1,"37":0,"38":0,"39":1,"40":1,"41":0,"42":0,"43":1,"44":1,"45":0,"46":0,"47":1,"48":1,"49":0,"50":0,"51":1,"52":1,"53":11,"54":11,"55":1,"56":1,"57":5,"58":5,"59":1,"60":1,"61":3,"62":3,"63":1,"64":1,"65":4,"66":4,"67":1,"68":1,"69":4,"70":4,"71":1,"72":1,"73":7,"74":7,"75":1,"76":1,"77":7,"78":7,"79":1,"80":1,"81":2,"82":2,"83":2,"84":2,"85":1,"86":1,"87":1,"88":1,"89":1,"90":1,"91":1,"92":1,"93":0,"94":0,"95":0,"96":0,"97":0,"98":0,"99":0,"100":0,"101":1,"102":1,"103":2,"104":2,"105":2,"106":1,"107":1,"108":1,"109":1,"110":1,"111":1,"112":1,"113":1,"114":1,"115":2,"116":2,"117":1,"118":1,"119":1,"120":1,"121":1,"122":1,"123":1,"124":1,"125":1,"126":1,"127":1,"128":3,"129":3,"130":3,"131":3,"132":1,"133":1,"134":2,"135":2,"136":2,"137":1,"138":1,"139":1,"140":1,"141":1,"142":1,"143":1,"144":1,"145":1,"146":1,"147":0,"148":0,"149":0,"150":0,"151":1,"152":1,"153":1,"154":1,"155":1,"156":1,"157":1,"158":1,"159":1,"160":1,"161":1,"162":1,"163":4,"164":4,"165":4,"166":2,"167":2,"168":4,"169":1,"170":1,"171":1,"172":1,"173":0,"174":0,"175":1,"176":1,"177":1,"178":1,"179":1,"180":1,"181":4,"182":4,"183":4,"184":2,"185":2,"186":4,"187":1,"188":1,"189":1,"190":1,"191":0,"192":0,"193":1,"194":1,"195":1,"196":1,"197":1,"198":1,"199":28,"200":28,"201":28,"202":28,"203":28,"204":28,"205":28,"206":28,"207":28,"208":1,"209":1,"210":27,"211":27,"212":27,"213":28,"214":1,"215":1,"216":26,"217":28,"218":1,"219":1,"220":25,"221":25,"222":1},"branchMap":{"0":{"type":"branch","line":25,"loc":{"start":{"line":25,"column":2},"end":{"line":27,"column":3}},"locations":[{"start":{"line":25,"column":2},"end":{"line":27,"column":3}}]},"1":{"type":"branch","line":29,"loc":{"start":{"line":29,"column":2},"end":{"line":31,"column":3}},"locations":[{"start":{"line":29,"column":2},"end":{"line":31,"column":3}}]},"2":{"type":"branch","line":53,"loc":{"start":{"line":53,"column":2},"end":{"line":55,"column":3}},"locations":[{"start":{"line":53,"column":2},"end":{"line":55,"column":3}}]},"3":{"type":"branch","line":57,"loc":{"start":{"line":57,"column":2},"end":{"line":59,"column":3}},"locations":[{"start":{"line":57,"column":2},"end":{"line":59,"column":3}}]},"4":{"type":"branch","line":61,"loc":{"start":{"line":61,"column":2},"end":{"line":63,"column":3}},"locations":[{"start":{"line":61,"column":2},"end":{"line":63,"column":3}}]},"5":{"type":"branch","line":65,"loc":{"start":{"line":65,"column":2},"end":{"line":67,"column":3}},"locations":[{"start":{"line":65,"column":2},"end":{"line":67,"column":3}}]},"6":{"type":"branch","line":66,"loc":{"start":{"line":66,"column":37},"end":{"line":66,"column":41}},"locations":[{"start":{"line":66,"column":37},"end":{"line":66,"column":41}}]},"7":{"type":"branch","line":66,"loc":{"start":{"line":66,"column":37},"end":{"line":66,"column":42}},"locations":[{"start":{"line":66,"column":37},"end":{"line":66,"column":42}}]},"8":{"type":"branch","line":69,"loc":{"start":{"line":69,"column":2},"end":{"line":71,"column":3}},"locations":[{"start":{"line":69,"column":2},"end":{"line":71,"column":3}}]},"9":{"type":"branch","line":70,"loc":{"start":{"line":70,"column":35},"end":{"line":70,"column":39}},"locations":[{"start":{"line":70,"column":35},"end":{"line":70,"column":39}}]},"10":{"type":"branch","line":70,"loc":{"start":{"line":70,"column":35},"end":{"line":70,"column":40}},"locations":[{"start":{"line":70,"column":35},"end":{"line":70,"column":40}}]},"11":{"type":"branch","line":73,"loc":{"start":{"line":73,"column":2},"end":{"line":75,"column":3}},"locations":[{"start":{"line":73,"column":2},"end":{"line":75,"column":3}}]},"12":{"type":"branch","line":74,"loc":{"start":{"line":74,"column":30},"end":{"line":74,"column":34}},"locations":[{"start":{"line":74,"column":30},"end":{"line":74,"column":34}}]},"13":{"type":"branch","line":74,"loc":{"start":{"line":74,"column":30},"end":{"line":74,"column":38}},"locations":[{"start":{"line":74,"column":30},"end":{"line":74,"column":38}}]},"14":{"type":"branch","line":77,"loc":{"start":{"line":77,"column":2},"end":{"line":79,"column":3}},"locations":[{"start":{"line":77,"column":2},"end":{"line":79,"column":3}}]},"15":{"type":"branch","line":78,"loc":{"start":{"line":78,"column":26},"end":{"line":78,"column":30}},"locations":[{"start":{"line":78,"column":26},"end":{"line":78,"column":30}}]},"16":{"type":"branch","line":78,"loc":{"start":{"line":78,"column":26},"end":{"line":78,"column":34}},"locations":[{"start":{"line":78,"column":26},"end":{"line":78,"column":34}}]},"17":{"type":"branch","line":81,"loc":{"start":{"line":81,"column":2},"end":{"line":91,"column":3}},"locations":[{"start":{"line":81,"column":2},"end":{"line":91,"column":3}}]},"18":{"type":"branch","line":85,"loc":{"start":{"line":85,"column":58},"end":{"line":91,"column":3}},"locations":[{"start":{"line":85,"column":58},"end":{"line":91,"column":3}}]},"19":{"type":"branch","line":103,"loc":{"start":{"line":103,"column":2},"end":{"line":106,"column":3}},"locations":[{"start":{"line":103,"column":2},"end":{"line":106,"column":3}}]},"20":{"type":"branch","line":108,"loc":{"start":{"line":108,"column":2},"end":{"line":113,"column":3}},"locations":[{"start":{"line":108,"column":2},"end":{"line":113,"column":3}}]},"21":{"type":"branch","line":110,"loc":{"start":{"line":110,"column":6},"end":{"line":110,"column":40}},"locations":[{"start":{"line":110,"column":6},"end":{"line":110,"column":40}}]},"22":{"type":"branch","line":115,"loc":{"start":{"line":115,"column":2},"end":{"line":122,"column":3}},"locations":[{"start":{"line":115,"column":2},"end":{"line":122,"column":3}}]},"23":{"type":"branch","line":117,"loc":{"start":{"line":117,"column":23},"end":{"line":122,"column":3}},"locations":[{"start":{"line":117,"column":23},"end":{"line":122,"column":3}}]},"24":{"type":"branch","line":124,"loc":{"start":{"line":124,"column":2},"end":{"line":126,"column":3}},"locations":[{"start":{"line":124,"column":2},"end":{"line":126,"column":3}}]},"25":{"type":"branch","line":128,"loc":{"start":{"line":128,"column":2},"end":{"line":137,"column":3}},"locations":[{"start":{"line":128,"column":2},"end":{"line":137,"column":3}}]},"26":{"type":"branch","line":132,"loc":{"start":{"line":132,"column":23},"end":{"line":134,"column":5}},"locations":[{"start":{"line":132,"column":23},"end":{"line":134,"column":5}}]},"27":{"type":"branch","line":135,"loc":{"start":{"line":135,"column":-1},"end":{"line":137,"column":3}},"locations":[{"start":{"line":135,"column":-1},"end":{"line":137,"column":3}}]},"28":{"type":"branch","line":139,"loc":{"start":{"line":139,"column":2},"end":{"line":151,"column":3}},"locations":[{"start":{"line":139,"column":2},"end":{"line":151,"column":3}}]},"29":{"type":"branch","line":148,"loc":{"start":{"line":148,"column":-1},"end":{"line":151,"column":3}},"locations":[{"start":{"line":148,"column":-1},"end":{"line":151,"column":3}}]},"30":{"type":"branch","line":153,"loc":{"start":{"line":153,"column":2},"end":{"line":156,"column":3}},"locations":[{"start":{"line":153,"column":2},"end":{"line":156,"column":3}}]},"31":{"type":"branch","line":158,"loc":{"start":{"line":158,"column":2},"end":{"line":161,"column":3}},"locations":[{"start":{"line":158,"column":2},"end":{"line":161,"column":3}}]},"32":{"type":"branch","line":163,"loc":{"start":{"line":163,"column":2},"end":{"line":169,"column":3}},"locations":[{"start":{"line":163,"column":2},"end":{"line":169,"column":3}}]},"33":{"type":"branch","line":164,"loc":{"start":{"line":164,"column":45},"end":{"line":164,"column":49}},"locations":[{"start":{"line":164,"column":45},"end":{"line":164,"column":49}}]},"34":{"type":"branch","line":164,"loc":{"start":{"line":164,"column":45},"end":{"line":164,"column":53}},"locations":[{"start":{"line":164,"column":45},"end":{"line":164,"column":53}}]},"35":{"type":"branch","line":166,"loc":{"start":{"line":166,"column":23},"end":{"line":168,"column":5}},"locations":[{"start":{"line":166,"column":23},"end":{"line":168,"column":5}}]},"36":{"type":"branch","line":171,"loc":{"start":{"line":171,"column":2},"end":{"line":179,"column":3}},"locations":[{"start":{"line":171,"column":2},"end":{"line":179,"column":3}}]},"37":{"type":"branch","line":172,"loc":{"start":{"line":172,"column":45},"end":{"line":172,"column":53}},"locations":[{"start":{"line":172,"column":45},"end":{"line":172,"column":53}}]},"38":{"type":"branch","line":173,"loc":{"start":{"line":173,"column":24},"end":{"line":175,"column":5}},"locations":[{"start":{"line":173,"column":24},"end":{"line":175,"column":5}}]},"39":{"type":"branch","line":177,"loc":{"start":{"line":177,"column":6},"end":{"line":177,"column":58}},"locations":[{"start":{"line":177,"column":6},"end":{"line":177,"column":58}}]},"40":{"type":"branch","line":181,"loc":{"start":{"line":181,"column":2},"end":{"line":187,"column":3}},"locations":[{"start":{"line":181,"column":2},"end":{"line":187,"column":3}}]},"41":{"type":"branch","line":182,"loc":{"start":{"line":182,"column":37},"end":{"line":182,"column":41}},"locations":[{"start":{"line":182,"column":37},"end":{"line":182,"column":41}}]},"42":{"type":"branch","line":182,"loc":{"start":{"line":182,"column":37},"end":{"line":182,"column":45}},"locations":[{"start":{"line":182,"column":37},"end":{"line":182,"column":45}}]},"43":{"type":"branch","line":184,"loc":{"start":{"line":184,"column":19},"end":{"line":186,"column":5}},"locations":[{"start":{"line":184,"column":19},"end":{"line":186,"column":5}}]},"44":{"type":"branch","line":189,"loc":{"start":{"line":189,"column":2},"end":{"line":197,"column":3}},"locations":[{"start":{"line":189,"column":2},"end":{"line":197,"column":3}}]},"45":{"type":"branch","line":190,"loc":{"start":{"line":190,"column":37},"end":{"line":190,"column":45}},"locations":[{"start":{"line":190,"column":37},"end":{"line":190,"column":45}}]},"46":{"type":"branch","line":191,"loc":{"start":{"line":191,"column":20},"end":{"line":193,"column":5}},"locations":[{"start":{"line":191,"column":20},"end":{"line":193,"column":5}}]},"47":{"type":"branch","line":195,"loc":{"start":{"line":195,"column":6},"end":{"line":195,"column":52}},"locations":[{"start":{"line":195,"column":6},"end":{"line":195,"column":52}}]},"48":{"type":"branch","line":199,"loc":{"start":{"line":199,"column":16},"end":{"line":222,"column":3}},"locations":[{"start":{"line":199,"column":16},"end":{"line":222,"column":3}}]},"49":{"type":"branch","line":208,"loc":{"start":{"line":208,"column":29},"end":{"line":210,"column":5}},"locations":[{"start":{"line":208,"column":29},"end":{"line":210,"column":5}}]},"50":{"type":"branch","line":211,"loc":{"start":{"line":211,"column":-1},"end":{"line":214,"column":26}},"locations":[{"start":{"line":211,"column":-1},"end":{"line":214,"column":26}}]},"51":{"type":"branch","line":214,"loc":{"start":{"line":214,"column":26},"end":{"line":216,"column":5}},"locations":[{"start":{"line":214,"column":26},"end":{"line":216,"column":5}}]},"52":{"type":"branch","line":217,"loc":{"start":{"line":217,"column":-1},"end":{"line":218,"column":23}},"locations":[{"start":{"line":217,"column":-1},"end":{"line":218,"column":23}}]},"53":{"type":"branch","line":218,"loc":{"start":{"line":218,"column":23},"end":{"line":220,"column":5}},"locations":[{"start":{"line":218,"column":23},"end":{"line":220,"column":5}}]},"54":{"type":"branch","line":221,"loc":{"start":{"line":221,"column":-1},"end":{"line":222,"column":3}},"locations":[{"start":{"line":221,"column":-1},"end":{"line":222,"column":3}}]}},"b":{"0":[25],"1":[1],"2":[11],"3":[5],"4":[3],"5":[4],"6":[1],"7":[3],"8":[4],"9":[1],"10":[3],"11":[7],"12":[5],"13":[2],"14":[7],"15":[5],"16":[2],"17":[2],"18":[1],"19":[2],"20":[1],"21":[4],"22":[2],"23":[1],"24":[1],"25":[3],"26":[1],"27":[2],"28":[1],"29":[0],"30":[1],"31":[1],"32":[4],"33":[2],"34":[2],"35":[2],"36":[1],"37":[0],"38":[0],"39":[2],"40":[4],"41":[2],"42":[2],"43":[2],"44":[1],"45":[0],"46":[0],"47":[2],"48":[28],"49":[1],"50":[27],"51":[1],"52":[26],"53":[1],"54":[25]},"fnMap":{"0":{"name":"Product","decl":{"start":{"line":25,"column":2},"end":{"line":27,"column":3}},"loc":{"start":{"line":25,"column":2},"end":{"line":27,"column":3}},"line":25},"1":{"name":"get id","decl":{"start":{"line":29,"column":2},"end":{"line":31,"column":3}},"loc":{"start":{"line":29,"column":2},"end":{"line":31,"column":3}},"line":29},"2":{"name":"get info","decl":{"start":{"line":33,"column":2},"end":{"line":35,"column":3}},"loc":{"start":{"line":33,"column":2},"end":{"line":35,"column":3}},"line":33},"3":{"name":"get description","decl":{"start":{"line":37,"column":2},"end":{"line":39,"column":3}},"loc":{"start":{"line":37,"column":2},"end":{"line":39,"column":3}},"line":37},"4":{"name":"get category","decl":{"start":{"line":41,"column":2},"end":{"line":43,"column":3}},"loc":{"start":{"line":41,"column":2},"end":{"line":43,"column":3}},"line":41},"5":{"name":"get isSpecial","decl":{"start":{"line":45,"column":2},"end":{"line":47,"column":3}},"loc":{"start":{"line":45,"column":2},"end":{"line":47,"column":3}},"line":45},"6":{"name":"get price","decl":{"start":{"line":49,"column":2},"end":{"line":51,"column":3}},"loc":{"start":{"line":49,"column":2},"end":{"line":51,"column":3}},"line":49},"7":{"name":"get quantityAvaliable","decl":{"start":{"line":53,"column":2},"end":{"line":55,"column":3}},"loc":{"start":{"line":53,"column":2},"end":{"line":55,"column":3}},"line":53},"8":{"name":"get images","decl":{"start":{"line":57,"column":2},"end":{"line":59,"column":3}},"loc":{"start":{"line":57,"column":2},"end":{"line":59,"column":3}},"line":57},"9":{"name":"get isActive","decl":{"start":{"line":61,"column":2},"end":{"line":63,"column":3}},"loc":{"start":{"line":61,"column":2},"end":{"line":63,"column":3}},"line":61},"10":{"name":"get numberOfRatings","decl":{"start":{"line":65,"column":2},"end":{"line":67,"column":3}},"loc":{"start":{"line":65,"column":2},"end":{"line":67,"column":3}},"line":65},"11":{"name":"get ratingAverage","decl":{"start":{"line":69,"column":2},"end":{"line":71,"column":3}},"loc":{"start":{"line":69,"column":2},"end":{"line":71,"column":3}},"line":69},"12":{"name":"get comments","decl":{"start":{"line":73,"column":2},"end":{"line":75,"column":3}},"loc":{"start":{"line":73,"column":2},"end":{"line":75,"column":3}},"line":73},"13":{"name":"get tags","decl":{"start":{"line":77,"column":2},"end":{"line":79,"column":3}},"loc":{"start":{"line":77,"column":2},"end":{"line":79,"column":3}},"line":77},"14":{"name":"updateProductRating","decl":{"start":{"line":81,"column":2},"end":{"line":91,"column":3}},"loc":{"start":{"line":81,"column":2},"end":{"line":91,"column":3}},"line":81},"15":{"name":"changePrice","decl":{"start":{"line":93,"column":2},"end":{"line":101,"column":3}},"loc":{"start":{"line":93,"column":2},"end":{"line":101,"column":3}},"line":93},"16":{"name":"addImage","decl":{"start":{"line":103,"column":2},"end":{"line":106,"column":3}},"loc":{"start":{"line":103,"column":2},"end":{"line":106,"column":3}},"line":103},"17":{"name":"removeImage","decl":{"start":{"line":108,"column":2},"end":{"line":113,"column":3}},"loc":{"start":{"line":108,"column":2},"end":{"line":113,"column":3}},"line":108},"18":{"name":"launchStock","decl":{"start":{"line":115,"column":2},"end":{"line":122,"column":3}},"loc":{"start":{"line":115,"column":2},"end":{"line":122,"column":3}},"line":115},"19":{"name":"incrementStock","decl":{"start":{"line":124,"column":2},"end":{"line":126,"column":3}},"loc":{"start":{"line":124,"column":2},"end":{"line":126,"column":3}},"line":124},"20":{"name":"decrementStock","decl":{"start":{"line":128,"column":2},"end":{"line":137,"column":3}},"loc":{"start":{"line":128,"column":2},"end":{"line":137,"column":3}},"line":128},"21":{"name":"changeDescription","decl":{"start":{"line":139,"column":2},"end":{"line":151,"column":3}},"loc":{"start":{"line":139,"column":2},"end":{"line":151,"column":3}},"line":139},"22":{"name":"deactivate","decl":{"start":{"line":153,"column":2},"end":{"line":156,"column":3}},"loc":{"start":{"line":153,"column":2},"end":{"line":156,"column":3}},"line":153},"23":{"name":"activate","decl":{"start":{"line":158,"column":2},"end":{"line":161,"column":3}},"loc":{"start":{"line":158,"column":2},"end":{"line":161,"column":3}},"line":158},"24":{"name":"addComment","decl":{"start":{"line":163,"column":2},"end":{"line":169,"column":3}},"loc":{"start":{"line":163,"column":2},"end":{"line":169,"column":3}},"line":163},"25":{"name":"removeComment","decl":{"start":{"line":171,"column":2},"end":{"line":179,"column":3}},"loc":{"start":{"line":171,"column":2},"end":{"line":179,"column":3}},"line":171},"26":{"name":"addTag","decl":{"start":{"line":181,"column":2},"end":{"line":187,"column":3}},"loc":{"start":{"line":181,"column":2},"end":{"line":187,"column":3}},"line":181},"27":{"name":"removeTag","decl":{"start":{"line":189,"column":2},"end":{"line":197,"column":3}},"loc":{"start":{"line":189,"column":2},"end":{"line":197,"column":3}},"line":189},"28":{"name":"create","decl":{"start":{"line":199,"column":16},"end":{"line":222,"column":3}},"loc":{"start":{"line":199,"column":16},"end":{"line":222,"column":3}},"line":199}},"f":{"0":25,"1":1,"2":0,"3":0,"4":0,"5":0,"6":0,"7":11,"8":5,"9":3,"10":4,"11":4,"12":7,"13":7,"14":2,"15":0,"16":2,"17":1,"18":2,"19":1,"20":3,"21":1,"22":1,"23":1,"24":4,"25":1,"26":4,"27":1,"28":28}}
,"/home/alessandro/Workspace/Jobs/e-commerce/src/Domain/aggregates-root/product/ProductErrors.domain-aggregate-root.ts": {"path":"/home/alessandro/Workspace/Jobs/e-commerce/src/Domain/aggregates-root/product/ProductErrors.domain-aggregate-root.ts","all":false,"statementMap":{"0":{"start":{"line":1,"column":0},"end":{"line":1,"column":8}},"1":{"start":{"line":2,"column":0},"end":{"line":2,"column":33}},"2":{"start":{"line":3,"column":0},"end":{"line":3,"column":33}},"3":{"start":{"line":4,"column":0},"end":{"line":4,"column":41}},"4":{"start":{"line":5,"column":0},"end":{"line":5,"column":167}},"5":{"start":{"line":6,"column":0},"end":{"line":6,"column":47}},"6":{"start":{"line":7,"column":0},"end":{"line":7,"column":64}},"7":{"start":{"line":8,"column":0},"end":{"line":8,"column":34}},"8":{"start":{"line":9,"column":0},"end":{"line":9,"column":51}}},"s":{"0":1,"1":1,"2":1,"3":1,"4":1,"5":1,"6":1,"7":1,"8":1},"branchMap":{},"b":{},"fnMap":{},"f":{}}
,"/home/alessandro/Workspace/Jobs/e-commerce/src/Domain/aggregates-root/product/ProductId.domain-aggregate-root.ts": {"path":"/home/alessandro/Workspace/Jobs/e-commerce/src/Domain/aggregates-root/product/ProductId.domain-aggregate-root.ts","all":false,"statementMap":{"0":{"start":{"line":1,"column":0},"end":{"line":1,"column":57}},"1":{"start":{"line":2,"column":0},"end":{"line":2,"column":44}},"2":{"start":{"line":3,"column":0},"end":{"line":3,"column":28}},"3":{"start":{"line":4,"column":0},"end":{"line":4,"column":20}},"4":{"start":{"line":5,"column":0},"end":{"line":5,"column":3}},"5":{"start":{"line":6,"column":0},"end":{"line":6,"column":44}},"6":{"start":{"line":7,"column":0},"end":{"line":7,"column":20}},"7":{"start":{"line":8,"column":0},"end":{"line":8,"column":3}},"8":{"start":{"line":9,"column":0},"end":{"line":9,"column":0}},"9":{"start":{"line":10,"column":0},"end":{"line":10,"column":56}},"10":{"start":{"line":11,"column":0},"end":{"line":11,"column":29}},"11":{"start":{"line":12,"column":0},"end":{"line":12,"column":3}},"12":{"start":{"line":13,"column":0},"end":{"line":13,"column":1}}},"s":{"0":1,"1":1,"2":1,"3":1,"4":1,"5":1,"6":1,"7":1,"8":1,"9":1,"10":1,"11":1,"12":1},"branchMap":{"0":{"type":"branch","line":3,"loc":{"start":{"line":3,"column":2},"end":{"line":5,"column":3}},"locations":[{"start":{"line":3,"column":2},"end":{"line":5,"column":3}}]},"1":{"type":"branch","line":6,"loc":{"start":{"line":6,"column":2},"end":{"line":8,"column":3}},"locations":[{"start":{"line":6,"column":2},"end":{"line":8,"column":3}}]},"2":{"type":"branch","line":10,"loc":{"start":{"line":10,"column":16},"end":{"line":12,"column":3}},"locations":[{"start":{"line":10,"column":16},"end":{"line":12,"column":3}}]}},"b":{"0":[1],"1":[1],"2":[1]},"fnMap":{"0":{"name":"get id","decl":{"start":{"line":3,"column":2},"end":{"line":5,"column":3}},"loc":{"start":{"line":3,"column":2},"end":{"line":5,"column":3}},"line":3},"1":{"name":"ProductId","decl":{"start":{"line":6,"column":2},"end":{"line":8,"column":3}},"loc":{"start":{"line":6,"column":2},"end":{"line":8,"column":3}},"line":6},"2":{"name":"create","decl":{"start":{"line":10,"column":16},"end":{"line":12,"column":3}},"loc":{"start":{"line":10,"column":16},"end":{"line":12,"column":3}},"line":10}},"f":{"0":1,"1":1,"2":1}}
,"/home/alessandro/Workspace/Jobs/e-commerce/src/Domain/entities/basket-category/BasketCategory.domain-entity.ts": {"path":"/home/alessandro/Workspace/Jobs/e-commerce/src/Domain/entities/basket-category/BasketCategory.domain-entity.ts","all":false,"statementMap":{"0":{"start":{"line":1,"column":0},"end":{"line":1,"column":65}},"1":{"start":{"line":2,"column":0},"end":{"line":2,"column":8}},"2":{"start":{"line":3,"column":0},"end":{"line":3,"column":34}},"3":{"start":{"line":4,"column":0},"end":{"line":4,"column":39}},"4":{"start":{"line":5,"column":0},"end":{"line":5,"column":21}},"5":{"start":{"line":6,"column":0},"end":{"line":6,"column":79}},"6":{"start":{"line":7,"column":0},"end":{"line":7,"column":8}},"7":{"start":{"line":8,"column":0},"end":{"line":8,"column":43}},"8":{"start":{"line":9,"column":0},"end":{"line":9,"column":34}},"9":{"start":{"line":10,"column":0},"end":{"line":10,"column":46}},"10":{"start":{"line":11,"column":0},"end":{"line":11,"column":63}},"11":{"start":{"line":12,"column":0},"end":{"line":12,"column":64}},"12":{"start":{"line":13,"column":0},"end":{"line":13,"column":57}},"13":{"start":{"line":14,"column":0},"end":{"line":14,"column":15}},"14":{"start":{"line":15,"column":0},"end":{"line":15,"column":0}},"15":{"start":{"line":16,"column":0},"end":{"line":16,"column":65}},"16":{"start":{"line":17,"column":0},"end":{"line":17,"column":72}},"17":{"start":{"line":18,"column":0},"end":{"line":18,"column":21}},"18":{"start":{"line":19,"column":0},"end":{"line":19,"column":3}},"19":{"start":{"line":20,"column":0},"end":{"line":20,"column":0}},"20":{"start":{"line":21,"column":0},"end":{"line":21,"column":28}},"21":{"start":{"line":22,"column":0},"end":{"line":22,"column":20}},"22":{"start":{"line":23,"column":0},"end":{"line":23,"column":3}},"23":{"start":{"line":24,"column":0},"end":{"line":24,"column":0}},"24":{"start":{"line":25,"column":0},"end":{"line":25,"column":29}},"25":{"start":{"line":26,"column":0},"end":{"line":26,"column":34}},"26":{"start":{"line":27,"column":0},"end":{"line":27,"column":3}},"27":{"start":{"line":28,"column":0},"end":{"line":28,"column":0}},"28":{"start":{"line":29,"column":0},"end":{"line":29,"column":30}},"29":{"start":{"line":30,"column":0},"end":{"line":30,"column":35}},"30":{"start":{"line":31,"column":0},"end":{"line":31,"column":3}},"31":{"start":{"line":32,"column":0},"end":{"line":32,"column":0}},"32":{"start":{"line":33,"column":0},"end":{"line":33,"column":23}},"33":{"start":{"line":34,"column":0},"end":{"line":34,"column":31}},"34":{"start":{"line":35,"column":0},"end":{"line":35,"column":24}},"35":{"start":{"line":36,"column":0},"end":{"line":36,"column":29}},"36":{"start":{"line":37,"column":0},"end":{"line":37,"column":69}},"37":{"start":{"line":38,"column":0},"end":{"line":38,"column":30}},"38":{"start":{"line":39,"column":0},"end":{"line":39,"column":63}},"39":{"start":{"line":40,"column":0},"end":{"line":40,"column":63}},"40":{"start":{"line":41,"column":0},"end":{"line":41,"column":7}},"41":{"start":{"line":42,"column":0},"end":{"line":42,"column":0}},"42":{"start":{"line":43,"column":0},"end":{"line":43,"column":36}},"43":{"start":{"line":44,"column":0},"end":{"line":44,"column":79}},"44":{"start":{"line":45,"column":0},"end":{"line":45,"column":5}},"45":{"start":{"line":46,"column":0},"end":{"line":46,"column":0}},"46":{"start":{"line":47,"column":0},"end":{"line":47,"column":70}},"47":{"start":{"line":48,"column":0},"end":{"line":48,"column":74}},"48":{"start":{"line":49,"column":0},"end":{"line":49,"column":5}},"49":{"start":{"line":50,"column":0},"end":{"line":50,"column":0}},"50":{"start":{"line":51,"column":0},"end":{"line":51,"column":30}},"51":{"start":{"line":52,"column":0},"end":{"line":52,"column":41}},"52":{"start":{"line":53,"column":0},"end":{"line":53,"column":49}},"53":{"start":{"line":54,"column":0},"end":{"line":54,"column":8}},"54":{"start":{"line":55,"column":0},"end":{"line":55,"column":5}},"55":{"start":{"line":56,"column":0},"end":{"line":56,"column":68}},"56":{"start":{"line":57,"column":0},"end":{"line":57,"column":3}},"57":{"start":{"line":58,"column":0},"end":{"line":58,"column":1}}},"s":{"0":1,"1":1,"2":1,"3":1,"4":1,"5":1,"6":1,"7":1,"8":1,"9":1,"10":1,"11":1,"12":1,"13":1,"14":1,"15":1,"16":1,"17":22,"18":22,"19":1,"20":1,"21":1,"22":1,"23":1,"24":1,"25":3,"26":3,"27":1,"28":1,"29":3,"30":3,"31":1,"32":1,"33":25,"34":25,"35":25,"36":25,"37":25,"38":25,"39":25,"40":25,"41":25,"42":25,"43":1,"44":1,"45":25,"46":25,"47":1,"48":1,"49":24,"50":25,"51":2,"52":2,"53":2,"54":2,"55":22,"56":22,"57":1},"branchMap":{"0":{"type":"branch","line":17,"loc":{"start":{"line":17,"column":2},"end":{"line":19,"column":3}},"locations":[{"start":{"line":17,"column":2},"end":{"line":19,"column":3}}]},"1":{"type":"branch","line":21,"loc":{"start":{"line":21,"column":2},"end":{"line":23,"column":3}},"locations":[{"start":{"line":21,"column":2},"end":{"line":23,"column":3}}]},"2":{"type":"branch","line":25,"loc":{"start":{"line":25,"column":2},"end":{"line":27,"column":3}},"locations":[{"start":{"line":25,"column":2},"end":{"line":27,"column":3}}]},"3":{"type":"branch","line":29,"loc":{"start":{"line":29,"column":2},"end":{"line":31,"column":3}},"locations":[{"start":{"line":29,"column":2},"end":{"line":31,"column":3}}]},"4":{"type":"branch","line":33,"loc":{"start":{"line":33,"column":16},"end":{"line":57,"column":3}},"locations":[{"start":{"line":33,"column":16},"end":{"line":57,"column":3}}]},"5":{"type":"branch","line":43,"loc":{"start":{"line":43,"column":35},"end":{"line":45,"column":5}},"locations":[{"start":{"line":43,"column":35},"end":{"line":45,"column":5}}]},"6":{"type":"branch","line":47,"loc":{"start":{"line":47,"column":69},"end":{"line":49,"column":5}},"locations":[{"start":{"line":47,"column":69},"end":{"line":49,"column":5}}]},"7":{"type":"branch","line":50,"loc":{"start":{"line":50,"column":-1},"end":{"line":51,"column":29}},"locations":[{"start":{"line":50,"column":-1},"end":{"line":51,"column":29}}]},"8":{"type":"branch","line":51,"loc":{"start":{"line":51,"column":29},"end":{"line":55,"column":5}},"locations":[{"start":{"line":51,"column":29},"end":{"line":55,"column":5}}]},"9":{"type":"branch","line":56,"loc":{"start":{"line":56,"column":-1},"end":{"line":57,"column":3}},"locations":[{"start":{"line":56,"column":-1},"end":{"line":57,"column":3}}]}},"b":{"0":[22],"1":[1],"2":[3],"3":[3],"4":[25],"5":[1],"6":[1],"7":[24],"8":[2],"9":[22]},"fnMap":{"0":{"name":"BasketCategory","decl":{"start":{"line":17,"column":2},"end":{"line":19,"column":3}},"loc":{"start":{"line":17,"column":2},"end":{"line":19,"column":3}},"line":17},"1":{"name":"get id","decl":{"start":{"line":21,"column":2},"end":{"line":23,"column":3}},"loc":{"start":{"line":21,"column":2},"end":{"line":23,"column":3}},"line":21},"2":{"name":"get description","decl":{"start":{"line":25,"column":2},"end":{"line":27,"column":3}},"loc":{"start":{"line":25,"column":2},"end":{"line":27,"column":3}},"line":25},"3":{"name":"get changesLimit","decl":{"start":{"line":29,"column":2},"end":{"line":31,"column":3}},"loc":{"start":{"line":29,"column":2},"end":{"line":31,"column":3}},"line":29},"4":{"name":"create","decl":{"start":{"line":33,"column":16},"end":{"line":57,"column":3}},"loc":{"start":{"line":33,"column":16},"end":{"line":57,"column":3}},"line":33}},"f":{"0":22,"1":1,"2":3,"3":3,"4":25}}
,"/home/alessandro/Workspace/Jobs/e-commerce/src/Domain/entities/basket-category/BasketCategoryErrors.domain-entity.ts": {"path":"/home/alessandro/Workspace/Jobs/e-commerce/src/Domain/entities/basket-category/BasketCategoryErrors.domain-entity.ts","all":false,"statementMap":{"0":{"start":{"line":1,"column":0},"end":{"line":1,"column":8}},"1":{"start":{"line":2,"column":0},"end":{"line":2,"column":41}},"2":{"start":{"line":3,"column":0},"end":{"line":3,"column":48}},"3":{"start":{"line":4,"column":0},"end":{"line":4,"column":48}},"4":{"start":{"line":5,"column":0},"end":{"line":5,"column":40}},"5":{"start":{"line":6,"column":0},"end":{"line":6,"column":214}},"6":{"start":{"line":7,"column":0},"end":{"line":7,"column":128}}},"s":{"0":1,"1":1,"2":1,"3":1,"4":1,"5":1,"6":1},"branchMap":{},"b":{},"fnMap":{},"f":{}}
,"/home/alessandro/Workspace/Jobs/e-commerce/src/Domain/entities/basket-category/BasketCategoryId.domain-entity.ts": {"path":"/home/alessandro/Workspace/Jobs/e-commerce/src/Domain/entities/basket-category/BasketCategoryId.domain-entity.ts","all":false,"statementMap":{"0":{"start":{"line":1,"column":0},"end":{"line":1,"column":57}},"1":{"start":{"line":2,"column":0},"end":{"line":2,"column":0}},"2":{"start":{"line":3,"column":0},"end":{"line":3,"column":51}},"3":{"start":{"line":4,"column":0},"end":{"line":4,"column":28}},"4":{"start":{"line":5,"column":0},"end":{"line":5,"column":20}},"5":{"start":{"line":6,"column":0},"end":{"line":6,"column":3}},"6":{"start":{"line":7,"column":0},"end":{"line":7,"column":44}},"7":{"start":{"line":8,"column":0},"end":{"line":8,"column":20}},"8":{"start":{"line":9,"column":0},"end":{"line":9,"column":3}},"9":{"start":{"line":10,"column":0},"end":{"line":10,"column":0}},"10":{"start":{"line":11,"column":0},"end":{"line":11,"column":63}},"11":{"start":{"line":12,"column":0},"end":{"line":12,"column":36}},"12":{"start":{"line":13,"column":0},"end":{"line":13,"column":3}},"13":{"start":{"line":14,"column":0},"end":{"line":14,"column":1}}},"s":{"0":1,"1":1,"2":1,"3":1,"4":1,"5":1,"6":1,"7":1,"8":1,"9":1,"10":1,"11":1,"12":1,"13":1},"branchMap":{"0":{"type":"branch","line":4,"loc":{"start":{"line":4,"column":2},"end":{"line":6,"column":3}},"locations":[{"start":{"line":4,"column":2},"end":{"line":6,"column":3}}]},"1":{"type":"branch","line":7,"loc":{"start":{"line":7,"column":2},"end":{"line":9,"column":3}},"locations":[{"start":{"line":7,"column":2},"end":{"line":9,"column":3}}]},"2":{"type":"branch","line":11,"loc":{"start":{"line":11,"column":16},"end":{"line":13,"column":3}},"locations":[{"start":{"line":11,"column":16},"end":{"line":13,"column":3}}]}},"b":{"0":[1],"1":[1],"2":[1]},"fnMap":{"0":{"name":"get id","decl":{"start":{"line":4,"column":2},"end":{"line":6,"column":3}},"loc":{"start":{"line":4,"column":2},"end":{"line":6,"column":3}},"line":4},"1":{"name":"BasketCategoryId","decl":{"start":{"line":7,"column":2},"end":{"line":9,"column":3}},"loc":{"start":{"line":7,"column":2},"end":{"line":9,"column":3}},"line":7},"2":{"name":"create","decl":{"start":{"line":11,"column":16},"end":{"line":13,"column":3}},"loc":{"start":{"line":11,"column":16},"end":{"line":13,"column":3}},"line":11}},"f":{"0":1,"1":1,"2":1}}
[...]
,"/home/alessandro/Workspace/Jobs/e-commerce/src/Domain/value-objects/password/Password.value-object.ts": {"path":"/home/alessandro/Workspace/Jobs/e-commerce/src/Domain/value-objects/password/Password.value-object.ts","all":false,"statementMap":{"0":{"start":{"line":1,"column":0},"end":{"line":1,"column":54}},"1":{"start":{"line":2,"column":0},"end":{"line":2,"column":47}},"2":{"start":{"line":3,"column":0},"end":{"line":3,"column":8}},"3":{"start":{"line":4,"column":0},"end":{"line":4,"column":36}},"4":{"start":{"line":5,"column":0},"end":{"line":5,"column":36}},"5":{"start":{"line":6,"column":0},"end":{"line":6,"column":34}},"6":{"start":{"line":7,"column":0},"end":{"line":7,"column":76}},"7":{"start":{"line":8,"column":0},"end":{"line":8,"column":37}},"8":{"start":{"line":9,"column":0},"end":{"line":9,"column":38}},"9":{"start":{"line":10,"column":0},"end":{"line":10,"column":32}},"10":{"start":{"line":11,"column":0},"end":{"line":11,"column":0}},"11":{"start":{"line":12,"column":0},"end":{"line":12,"column":36}},"12":{"start":{"line":13,"column":0},"end":{"line":13,"column":16}},"13":{"start":{"line":14,"column":0},"end":{"line":14,"column":20}},"14":{"start":{"line":15,"column":0},"end":{"line":15,"column":1}},"15":{"start":{"line":16,"column":0},"end":{"line":16,"column":0}},"16":{"start":{"line":17,"column":0},"end":{"line":17,"column":3}},"17":{"start":{"line":18,"column":0},"end":{"line":18,"column":23}},"18":{"start":{"line":19,"column":0},"end":{"line":19,"column":3}},"19":{"start":{"line":20,"column":0},"end":{"line":20,"column":80}},"20":{"start":{"line":21,"column":0},"end":{"line":21,"column":56}},"21":{"start":{"line":22,"column":0},"end":{"line":22,"column":17}},"22":{"start":{"line":23,"column":0},"end":{"line":23,"column":3}},"23":{"start":{"line":24,"column":0},"end":{"line":24,"column":0}},"24":{"start":{"line":25,"column":0},"end":{"line":25,"column":5}},"25":{"start":{"line":26,"column":0},"end":{"line":26,"column":36}},"26":{"start":{"line":27,"column":0},"end":{"line":27,"column":5}},"27":{"start":{"line":28,"column":0},"end":{"line":28,"column":23}},"28":{"start":{"line":29,"column":0},"end":{"line":29,"column":28}},"29":{"start":{"line":30,"column":0},"end":{"line":30,"column":3}},"30":{"start":{"line":31,"column":0},"end":{"line":31,"column":0}},"31":{"start":{"line":32,"column":0},"end":{"line":32,"column":5}},"32":{"start":{"line":33,"column":0},"end":{"line":33,"column":58}},"33":{"start":{"line":34,"column":0},"end":{"line":34,"column":5}},"34":{"start":{"line":35,"column":0},"end":{"line":35,"column":33}},"35":{"start":{"line":36,"column":0},"end":{"line":36,"column":31}},"36":{"start":{"line":37,"column":0},"end":{"line":37,"column":3}},"37":{"start":{"line":38,"column":0},"end":{"line":38,"column":0}},"38":{"start":{"line":39,"column":0},"end":{"line":39,"column":5}},"39":{"start":{"line":40,"column":0},"end":{"line":40,"column":4}},"40":{"start":{"line":41,"column":0},"end":{"line":41,"column":47}},"41":{"start":{"line":42,"column":0},"end":{"line":42,"column":50}},"42":{"start":{"line":43,"column":0},"end":{"line":43,"column":5}},"43":{"start":{"line":44,"column":0},"end":{"line":44,"column":61}},"44":{"start":{"line":45,"column":0},"end":{"line":45,"column":30}},"45":{"start":{"line":46,"column":0},"end":{"line":46,"column":53}},"46":{"start":{"line":47,"column":0},"end":{"line":47,"column":5}},"47":{"start":{"line":48,"column":0},"end":{"line":48,"column":41}},"48":{"start":{"line":49,"column":0},"end":{"line":49,"column":3}},"49":{"start":{"line":50,"column":0},"end":{"line":50,"column":0}},"50":{"start":{"line":51,"column":0},"end":{"line":51,"column":5}},"51":{"start":{"line":52,"column":0},"end":{"line":52,"column":46}},"52":{"start":{"line":53,"column":0},"end":{"line":53,"column":5}},"53":{"start":{"line":54,"column":0},"end":{"line":54,"column":42}},"54":{"start":{"line":55,"column":0},"end":{"line":55,"column":30}},"55":{"start":{"line":56,"column":0},"end":{"line":56,"column":13}},"56":{"start":{"line":57,"column":0},"end":{"line":57,"column":5}},"57":{"start":{"line":58,"column":0},"end":{"line":58,"column":65}},"58":{"start":{"line":59,"column":0},"end":{"line":59,"column":31}},"59":{"start":{"line":60,"column":0},"end":{"line":60,"column":3}},"60":{"start":{"line":61,"column":0},"end":{"line":61,"column":0}},"61":{"start":{"line":62,"column":0},"end":{"line":62,"column":5}},"62":{"start":{"line":63,"column":0},"end":{"line":63,"column":4}},"63":{"start":{"line":64,"column":0},"end":{"line":64,"column":58}},"64":{"start":{"line":65,"column":0},"end":{"line":65,"column":75}},"65":{"start":{"line":66,"column":0},"end":{"line":66,"column":39}},"66":{"start":{"line":67,"column":0},"end":{"line":67,"column":5}},"67":{"start":{"line":68,"column":0},"end":{"line":68,"column":61}},"68":{"start":{"line":69,"column":0},"end":{"line":69,"column":41}},"69":{"start":{"line":70,"column":0},"end":{"line":70,"column":0}},"70":{"start":{"line":71,"column":0},"end":{"line":71,"column":45}},"71":{"start":{"line":72,"column":0},"end":{"line":72,"column":46}},"72":{"start":{"line":73,"column":0},"end":{"line":73,"column":42}},"73":{"start":{"line":74,"column":0},"end":{"line":74,"column":8}},"74":{"start":{"line":75,"column":0},"end":{"line":75,"column":5}},"75":{"start":{"line":76,"column":0},"end":{"line":76,"column":58}},"76":{"start":{"line":77,"column":0},"end":{"line":77,"column":46}},"77":{"start":{"line":78,"column":0},"end":{"line":78,"column":42}},"78":{"start":{"line":79,"column":0},"end":{"line":79,"column":8}},"79":{"start":{"line":80,"column":0},"end":{"line":80,"column":5}},"80":{"start":{"line":81,"column":0},"end":{"line":81,"column":42}},"81":{"start":{"line":82,"column":0},"end":{"line":82,"column":51}},"82":{"start":{"line":83,"column":0},"end":{"line":83,"column":6}},"83":{"start":{"line":84,"column":0},"end":{"line":84,"column":3}},"84":{"start":{"line":85,"column":0},"end":{"line":85,"column":1}}},"s":{"0":1,"1":1,"2":1,"3":1,"4":1,"5":1,"6":1,"7":1,"8":1,"9":1,"10":1,"11":1,"12":1,"13":1,"14":1,"15":1,"16":1,"17":1,"18":1,"19":1,"20":1,"21":7,"22":7,"23":1,"24":1,"25":1,"26":1,"27":1,"28":6,"29":6,"30":1,"31":1,"32":1,"33":1,"34":1,"35":5,"36":5,"37":1,"38":1,"39":1,"40":1,"41":1,"42":1,"43":1,"44":4,"45":2,"46":2,"47":2,"48":2,"49":1,"50":1,"51":1,"52":1,"53":1,"54":5,"55":1,"56":1,"57":4,"58":4,"59":4,"60":1,"61":1,"62":1,"63":1,"64":1,"65":1,"66":1,"67":1,"68":9,"69":9,"70":9,"71":1,"72":1,"73":1,"74":1,"75":9,"76":1,"77":1,"78":1,"79":1,"80":7,"81":7,"82":7,"83":7,"84":1},"branchMap":{"0":{"type":"branch","line":21,"loc":{"start":{"line":21,"column":2},"end":{"line":23,"column":3}},"locations":[{"start":{"line":21,"column":2},"end":{"line":23,"column":3}}]},"1":{"type":"branch","line":28,"loc":{"start":{"line":28,"column":2},"end":{"line":30,"column":3}},"locations":[{"start":{"line":28,"column":2},"end":{"line":30,"column":3}}]},"2":{"type":"branch","line":35,"loc":{"start":{"line":35,"column":2},"end":{"line":37,"column":3}},"locations":[{"start":{"line":35,"column":2},"end":{"line":37,"column":3}}]},"3":{"type":"branch","line":44,"loc":{"start":{"line":44,"column":2},"end":{"line":49,"column":3}},"locations":[{"start":{"line":44,"column":2},"end":{"line":49,"column":3}}]},"4":{"type":"branch","line":45,"loc":{"start":{"line":45,"column":29},"end":{"line":49,"column":3}},"locations":[{"start":{"line":45,"column":29},"end":{"line":49,"column":3}}]},"5":{"type":"branch","line":54,"loc":{"start":{"line":54,"column":2},"end":{"line":60,"column":3}},"locations":[{"start":{"line":54,"column":2},"end":{"line":60,"column":3}}]},"6":{"type":"branch","line":55,"loc":{"start":{"line":55,"column":29},"end":{"line":57,"column":5}},"locations":[{"start":{"line":55,"column":29},"end":{"line":57,"column":5}}]},"7":{"type":"branch","line":58,"loc":{"start":{"line":58,"column":-1},"end":{"line":60,"column":3}},"locations":[{"start":{"line":58,"column":-1},"end":{"line":60,"column":3}}]},"8":{"type":"branch","line":68,"loc":{"start":{"line":68,"column":9},"end":{"line":84,"column":3}},"locations":[{"start":{"line":68,"column":9},"end":{"line":84,"column":3}}]},"9":{"type":"branch","line":71,"loc":{"start":{"line":71,"column":44},"end":{"line":75,"column":5}},"locations":[{"start":{"line":71,"column":44},"end":{"line":75,"column":5}}]},"10":{"type":"branch","line":76,"loc":{"start":{"line":76,"column":-1},"end":{"line":76,"column":46}},"locations":[{"start":{"line":76,"column":-1},"end":{"line":76,"column":46}}]},"11":{"type":"branch","line":76,"loc":{"start":{"line":76,"column":42},"end":{"line":76,"column":55}},"locations":[{"start":{"line":76,"column":42},"end":{"line":76,"column":55}}]},"12":{"type":"branch","line":76,"loc":{"start":{"line":76,"column":57},"end":{"line":80,"column":5}},"locations":[{"start":{"line":76,"column":57},"end":{"line":80,"column":5}}]},"13":{"type":"branch","line":81,"loc":{"start":{"line":81,"column":-1},"end":{"line":84,"column":3}},"locations":[{"start":{"line":81,"column":-1},"end":{"line":84,"column":3}}]}},"b":{"0":[7],"1":[6],"2":[5],"3":[4],"4":[2],"5":[5],"6":[1],"7":[4],"8":[9],"9":[1],"10":[8],"11":[2],"12":[1],"13":[7]},"fnMap":{"0":{"name":"PasswordValueObject","decl":{"start":{"line":21,"column":2},"end":{"line":23,"column":3}},"loc":{"start":{"line":21,"column":2},"end":{"line":23,"column":3}},"line":21},"1":{"name":"get value","decl":{"start":{"line":28,"column":2},"end":{"line":30,"column":3}},"loc":{"start":{"line":28,"column":2},"end":{"line":30,"column":3}},"line":28},"2":{"name":"isAlreadyEncrypted","decl":{"start":{"line":35,"column":2},"end":{"line":37,"column":3}},"loc":{"start":{"line":35,"column":2},"end":{"line":37,"column":3}},"line":35},"3":{"name":"comparePassword","decl":{"start":{"line":44,"column":2},"end":{"line":49,"column":3}},"loc":{"start":{"line":44,"column":2},"end":{"line":49,"column":3}},"line":44},"4":{"name":"encryptPassword","decl":{"start":{"line":54,"column":2},"end":{"line":60,"column":3}},"loc":{"start":{"line":54,"column":2},"end":{"line":60,"column":3}},"line":54},"5":{"name":"create","decl":{"start":{"line":68,"column":9},"end":{"line":84,"column":3}},"loc":{"start":{"line":68,"column":9},"end":{"line":84,"column":3}},"line":68}},"f":{"0":7,"1":6,"2":5,"3":4,"4":5,"5":9}}
,"/home/alessandro/Workspace/Jobs/e-commerce/src/Domain/value-objects/state-initials/StateInitials.value-object.ts": {"path":"/home/alessandro/Workspace/Jobs/e-commerce/src/Domain/value-objects/state-initials/StateInitials.value-object.ts","all":false,"statementMap":{"0":{"start":{"line":1,"column":0},"end":{"line":1,"column":54}},"1":{"start":{"line":2,"column":0},"end":{"line":2,"column":87}},"2":{"start":{"line":3,"column":0},"end":{"line":3,"column":102}},"3":{"start":{"line":4,"column":0},"end":{"line":4,"column":8}},"4":{"start":{"line":5,"column":0},"end":{"line":5,"column":30}},"5":{"start":{"line":6,"column":0},"end":{"line":6,"column":37}},"6":{"start":{"line":7,"column":0},"end":{"line":7,"column":39}},"7":{"start":{"line":8,"column":0},"end":{"line":8,"column":0}},"8":{"start":{"line":9,"column":0},"end":{"line":9,"column":36}},"9":{"start":{"line":10,"column":0},"end":{"line":10,"column":23}},"10":{"start":{"line":11,"column":0},"end":{"line":11,"column":1}},"11":{"start":{"line":12,"column":0},"end":{"line":12,"column":0}},"12":{"start":{"line":13,"column":0},"end":{"line":13,"column":27}},"13":{"start":{"line":14,"column":0},"end":{"line":14,"column":12}},"14":{"start":{"line":15,"column":0},"end":{"line":15,"column":12}},"15":{"start":{"line":16,"column":0},"end":{"line":16,"column":12}},"16":{"start":{"line":17,"column":0},"end":{"line":17,"column":12}},"17":{"start":{"line":18,"column":0},"end":{"line":18,"column":12}},"18":{"start":{"line":19,"column":0},"end":{"line":19,"column":12}},"19":{"start":{"line":20,"column":0},"end":{"line":20,"column":12}},"20":{"start":{"line":21,"column":0},"end":{"line":21,"column":12}},"21":{"start":{"line":22,"column":0},"end":{"line":22,"column":12}},"22":{"start":{"line":23,"column":0},"end":{"line":23,"column":12}},"23":{"start":{"line":24,"column":0},"end":{"line":24,"column":12}},"24":{"start":{"line":25,"column":0},"end":{"line":25,"column":12}},"25":{"start":{"line":26,"column":0},"end":{"line":26,"column":12}},"26":{"start":{"line":27,"column":0},"end":{"line":27,"column":12}},"27":{"start":{"line":28,"column":0},"end":{"line":28,"column":12}},"28":{"start":{"line":29,"column":0},"end":{"line":29,"column":12}},"29":{"start":{"line":30,"column":0},"end":{"line":30,"column":12}},"30":{"start":{"line":31,"column":0},"end":{"line":31,"column":12}},"31":{"start":{"line":32,"column":0},"end":{"line":32,"column":12}},"32":{"start":{"line":33,"column":0},"end":{"line":33,"column":12}},"33":{"start":{"line":34,"column":0},"end":{"line":34,"column":12}},"34":{"start":{"line":35,"column":0},"end":{"line":35,"column":12}},"35":{"start":{"line":36,"column":0},"end":{"line":36,"column":12}},"36":{"start":{"line":37,"column":0},"end":{"line":37,"column":12}},"37":{"start":{"line":38,"column":0},"end":{"line":38,"column":12}},"38":{"start":{"line":39,"column":0},"end":{"line":39,"column":12}},"39":{"start":{"line":40,"column":0},"end":{"line":40,"column":12}},"40":{"start":{"line":41,"column":0},"end":{"line":41,"column":1}},"41":{"start":{"line":42,"column":0},"end":{"line":42,"column":0}},"42":{"start":{"line":43,"column":0},"end":{"line":43,"column":77}},"43":{"start":{"line":44,"column":0},"end":{"line":44,"column":49}},"44":{"start":{"line":45,"column":0},"end":{"line":45,"column":17}},"45":{"start":{"line":46,"column":0},"end":{"line":46,"column":3}},"46":{"start":{"line":47,"column":0},"end":{"line":47,"column":0}},"47":{"start":{"line":48,"column":0},"end":{"line":48,"column":30}},"48":{"start":{"line":49,"column":0},"end":{"line":49,"column":28}},"49":{"start":{"line":50,"column":0},"end":{"line":50,"column":3}},"50":{"start":{"line":51,"column":0},"end":{"line":51,"column":0}},"51":{"start":{"line":52,"column":0},"end":{"line":52,"column":74}},"52":{"start":{"line":53,"column":0},"end":{"line":53,"column":64}},"53":{"start":{"line":54,"column":0},"end":{"line":54,"column":20}},"54":{"start":{"line":55,"column":0},"end":{"line":55,"column":19}},"55":{"start":{"line":56,"column":0},"end":{"line":56,"column":19}},"56":{"start":{"line":57,"column":0},"end":{"line":57,"column":7}},"57":{"start":{"line":58,"column":0},"end":{"line":58,"column":0}},"58":{"start":{"line":59,"column":0},"end":{"line":59,"column":25}},"59":{"start":{"line":60,"column":0},"end":{"line":60,"column":50}},"60":{"start":{"line":61,"column":0},"end":{"line":61,"column":43}},"61":{"start":{"line":62,"column":0},"end":{"line":62,"column":8}},"62":{"start":{"line":63,"column":0},"end":{"line":63,"column":5}},"63":{"start":{"line":64,"column":0},"end":{"line":64,"column":0}},"64":{"start":{"line":65,"column":0},"end":{"line":65,"column":79}},"65":{"start":{"line":66,"column":0},"end":{"line":66,"column":0}},"66":{"start":{"line":67,"column":0},"end":{"line":67,"column":19}},"67":{"start":{"line":68,"column":0},"end":{"line":68,"column":79}},"68":{"start":{"line":69,"column":0},"end":{"line":69,"column":5}},"69":{"start":{"line":70,"column":0},"end":{"line":70,"column":0}},"70":{"start":{"line":71,"column":0},"end":{"line":71,"column":53}},"71":{"start":{"line":72,"column":0},"end":{"line":72,"column":38}},"72":{"start":{"line":73,"column":0},"end":{"line":73,"column":51}},"73":{"start":{"line":74,"column":0},"end":{"line":74,"column":6}},"74":{"start":{"line":75,"column":0},"end":{"line":75,"column":0}},"75":{"start":{"line":76,"column":0},"end":{"line":76,"column":20}},"76":{"start":{"line":77,"column":0},"end":{"line":77,"column":79}},"77":{"start":{"line":78,"column":0},"end":{"line":78,"column":5}},"78":{"start":{"line":79,"column":0},"end":{"line":79,"column":0}},"79":{"start":{"line":80,"column":0},"end":{"line":80,"column":46}},"80":{"start":{"line":81,"column":0},"end":{"line":81,"column":35}},"81":{"start":{"line":82,"column":0},"end":{"line":82,"column":39}},"82":{"start":{"line":83,"column":0},"end":{"line":83,"column":9}},"83":{"start":{"line":84,"column":0},"end":{"line":84,"column":6}},"84":{"start":{"line":85,"column":0},"end":{"line":85,"column":3}},"85":{"start":{"line":86,"column":0},"end":{"line":86,"column":1}}},"s":{"0":1,"1":1,"2":1,"3":1,"4":1,"5":1,"6":1,"7":1,"8":1,"9":1,"10":1,"11":1,"12":3,"13":3,"14":3,"15":3,"16":3,"17":3,"18":3,"19":3,"20":3,"21":3,"22":3,"23":3,"24":3,"25":3,"26":3,"27":3,"28":3,"29":3,"30":3,"31":3,"32":3,"33":3,"34":3,"35":3,"36":3,"37":3,"38":3,"39":3,"40":3,"41":1,"42":1,"43":1,"44":4,"45":4,"46":1,"47":1,"48":4,"49":4,"50":1,"51":1,"52":6,"53":6,"54":6,"55":6,"56":6,"57":6,"58":6,"59":1,"60":1,"61":1,"62":1,"63":5,"64":5,"65":5,"66":6,"67":1,"68":1,"69":4,"70":4,"71":4,"72":4,"73":4,"74":4,"75":6,"76":0,"77":0,"78":4,"79":4,"80":4,"81":4,"82":4,"83":4,"84":4,"85":1},"branchMap":{"0":{"type":"branch","line":13,"loc":{"start":{"line":13,"column":0},"end":{"line":41,"column":1}},"locations":[{"start":{"line":13,"column":0},"end":{"line":41,"column":1}}]},"1":{"type":"branch","line":44,"loc":{"start":{"line":44,"column":2},"end":{"line":46,"column":3}},"locations":[{"start":{"line":44,"column":2},"end":{"line":46,"column":3}}]},"2":{"type":"branch","line":48,"loc":{"start":{"line":48,"column":2},"end":{"line":50,"column":3}},"locations":[{"start":{"line":48,"column":2},"end":{"line":50,"column":3}}]},"3":{"type":"branch","line":52,"loc":{"start":{"line":52,"column":16},"end":{"line":85,"column":3}},"locations":[{"start":{"line":52,"column":16},"end":{"line":85,"column":3}}]},"4":{"type":"branch","line":59,"loc":{"start":{"line":59,"column":24},"end":{"line":63,"column":5}},"locations":[{"start":{"line":59,"column":24},"end":{"line":63,"column":5}}]},"5":{"type":"branch","line":64,"loc":{"start":{"line":64,"column":-1},"end":{"line":67,"column":18}},"locations":[{"start":{"line":64,"column":-1},"end":{"line":67,"column":18}}]},"6":{"type":"branch","line":67,"loc":{"start":{"line":67,"column":18},"end":{"line":69,"column":5}},"locations":[{"start":{"line":67,"column":18},"end":{"line":69,"column":5}}]},"7":{"type":"branch","line":70,"loc":{"start":{"line":70,"column":-1},"end":{"line":76,"column":19}},"locations":[{"start":{"line":70,"column":-1},"end":{"line":76,"column":19}}]},"8":{"type":"branch","line":76,"loc":{"start":{"line":76,"column":19},"end":{"line":78,"column":5}},"locations":[{"start":{"line":76,"column":19},"end":{"line":78,"column":5}}]},"9":{"type":"branch","line":79,"loc":{"start":{"line":79,"column":-1},"end":{"line":85,"column":3}},"locations":[{"start":{"line":79,"column":-1},"end":{"line":85,"column":3}}]},"10":{"type":"branch","line":73,"loc":{"start":{"line":73,"column":6},"end":{"line":73,"column":50}},"locations":[{"start":{"line":73,"column":6},"end":{"line":73,"column":50}}]}},"b":{"0":[3],"1":[4],"2":[4],"3":[6],"4":[1],"5":[5],"6":[1],"7":[4],"8":[0],"9":[4],"10":[68]},"fnMap":{"0":{"name":"InitialStateValueObject","decl":{"start":{"line":44,"column":2},"end":{"line":46,"column":3}},"loc":{"start":{"line":44,"column":2},"end":{"line":46,"column":3}},"line":44},"1":{"name":"get value","decl":{"start":{"line":48,"column":2},"end":{"line":50,"column":3}},"loc":{"start":{"line":48,"column":2},"end":{"line":50,"column":3}},"line":48},"2":{"name":"create","decl":{"start":{"line":52,"column":16},"end":{"line":85,"column":3}},"loc":{"start":{"line":52,"column":16},"end":{"line":85,"column":3}},"line":52}},"f":{"0":4,"1":4,"2":6}}
}
