TN:
SF:src/app.controller.ts
FN:6,AppController
FN:9,getHello
FNF:2
FNH:2
FNDA:1,AppController
FNDA:1,getHello
DA:1,1
DA:2,1
DA:3,1
DA:4,1
DA:5,1
DA:6,1
DA:7,1
DA:8,1
DA:9,1
DA:10,1
DA:11,1
DA:12,1
LF:12
LH:12
BRDA:6,0,0,1
BRDA:9,1,0,1
BRF:2
BRH:2
end_of_record
TN:
SF:src/app.service.ts
FN:5,getHello
FNF:1
FNH:1
FNDA:1,getHello
DA:1,1
DA:2,1
DA:3,1
DA:4,1
DA:5,1
DA:6,1
DA:7,1
DA:8,1
LF:8
LH:8
BRDA:5,0,0,1
BRF:1
BRH:1
end_of_record
TN:
SF:src/Domain/aggregates-root/basket/Basket.domain-aggregate-root.ts
FN:21,Basket
FN:25,get description
FN:29,get category
FN:33,get products
FN:37,get price
FN:41,get isActive
FN:45,get info
FN:49,get numberOfRatings
FN:53,get ratingAverage
FN:57,get images
FN:61,get comments
FN:65,get tags
FN:69,updateBasketRating
FN:81,changePrice
FN:91,addImage
FN:96,removeImage
FN:103,deactivate
FN:108,activate
FN:113,addComment
FN:121,removeComment
FN:131,addTag
FN:139,removeTag
FN:149,create
FNF:23
FNH:19
FNDA:17,Basket
FNDA:0,get description
FNDA:0,get category
FNDA:0,get products
FNDA:3,get price
FNDA:3,get isActive
FNDA:0,get info
FNDA:4,get numberOfRatings
FNDA:4,get ratingAverage
FNDA:5,get images
FNDA:7,get comments
FNDA:7,get tags
FNDA:2,updateBasketRating
FNDA:2,changePrice
FNDA:2,addImage
FNDA:1,removeImage
FNDA:1,deactivate
FNDA:1,activate
FNDA:4,addComment
FNDA:2,removeComment
FNDA:4,addTag
FNDA:1,removeTag
FNDA:18,create
DA:1,1
DA:2,1
DA:3,1
DA:4,1
DA:5,1
DA:6,1
DA:7,1
DA:8,1
DA:9,1
DA:10,1
DA:11,1
DA:12,1
DA:13,1
DA:14,1
DA:15,1
DA:16,1
DA:17,1
DA:18,1
DA:19,1
DA:20,1
DA:21,1
DA:22,17
DA:23,17
DA:24,1
DA:25,1
DA:26,0
DA:27,0
DA:28,1
DA:29,1
DA:30,0
DA:31,0
DA:32,1
DA:33,1
DA:34,0
DA:35,0
DA:36,1
DA:37,1
DA:38,3
DA:39,3
DA:40,1
DA:41,1
DA:42,3
DA:43,3
DA:44,1
DA:45,1
DA:46,0
DA:47,0
DA:48,1
DA:49,1
DA:50,4
DA:51,4
DA:52,1
DA:53,1
DA:54,4
DA:55,4
DA:56,1
DA:57,1
DA:58,5
DA:59,5
DA:60,1
DA:61,1
DA:62,7
DA:63,7
DA:64,1
DA:65,1
DA:66,7
DA:67,7
DA:68,1
DA:69,1
DA:70,2
DA:71,2
DA:72,2
DA:73,2
DA:74,1
DA:75,1
DA:76,1
DA:77,1
DA:78,1
DA:79,1
DA:80,1
DA:81,1
DA:82,2
DA:83,2
DA:84,1
DA:85,1
DA:86,1
DA:87,1
DA:88,1
DA:89,1
DA:90,1
DA:91,1
DA:92,2
DA:93,2
DA:94,2
DA:95,1
DA:96,1
DA:97,1
DA:98,1
DA:99,1
DA:100,1
DA:101,1
DA:102,1
DA:103,1
DA:104,1
DA:105,1
DA:106,1
DA:107,1
DA:108,1
DA:109,1
DA:110,1
DA:111,1
DA:112,1
DA:113,1
DA:114,4
DA:115,4
DA:116,4
DA:117,2
DA:118,2
DA:119,4
DA:120,1
DA:121,1
DA:122,2
DA:123,2
DA:124,1
DA:125,1
DA:126,1
DA:127,1
DA:128,1
DA:129,1
DA:130,1
DA:131,1
DA:132,4
DA:133,4
DA:134,4
DA:135,2
DA:136,2
DA:137,4
DA:138,1
DA:139,1
DA:140,1
DA:141,1
DA:142,0
DA:143,0
DA:144,1
DA:145,1
DA:146,1
DA:147,1
DA:148,1
DA:149,1
DA:150,18
DA:151,18
DA:152,18
DA:153,18
DA:154,18
DA:155,18
DA:156,18
DA:157,18
DA:158,18
DA:159,1
DA:160,1
DA:161,17
DA:162,18
DA:163,0
DA:164,0
DA:165,17
DA:166,17
DA:167,1
LF:167
LH:155
BRDA:21,0,0,17
BRDA:37,1,0,3
BRDA:41,2,0,3
BRDA:49,3,0,4
BRDA:50,4,0,1
BRDA:50,5,0,3
BRDA:53,6,0,4
BRDA:54,7,0,1
BRDA:54,8,0,3
BRDA:57,9,0,5
BRDA:61,10,0,7
BRDA:62,11,0,4
BRDA:62,12,0,3
BRDA:65,13,0,7
BRDA:66,14,0,5
BRDA:66,15,0,2
BRDA:69,16,0,2
BRDA:73,17,0,1
BRDA:81,18,0,2
BRDA:83,19,0,1
BRDA:91,20,0,2
BRDA:96,21,0,1
BRDA:98,22,0,2
BRDA:103,23,0,1
BRDA:108,24,0,1
BRDA:113,25,0,4
BRDA:114,26,0,2
BRDA:114,27,0,2
BRDA:116,28,0,2
BRDA:121,29,0,2
BRDA:122,30,0,1
BRDA:122,31,0,1
BRDA:123,32,0,1
BRDA:127,33,0,2
BRDA:131,34,0,4
BRDA:132,35,0,2
BRDA:132,36,0,2
BRDA:134,37,0,2
BRDA:139,38,0,1
BRDA:140,39,0,0
BRDA:141,40,0,0
BRDA:145,41,0,2
BRDA:149,42,0,18
BRDA:158,43,0,1
BRDA:161,44,0,17
BRDA:162,45,0,0
BRDA:165,46,0,17
BRF:47
BRH:44
end_of_record
TN:
SF:src/Domain/aggregates-root/basket/BasketErrors.domain-aggregate-root.ts
FNF:0
FNH:0
DA:1,1
DA:2,1
DA:3,1
DA:4,1
DA:5,1
DA:6,1
DA:7,1
DA:8,1
LF:8
LH:8
BRF:0
BRH:0
end_of_record
TN:
SF:src/Domain/aggregates-root/basket/BasketId.domain-aggregate-root.ts
FN:3,get id
FN:6,BasketId
FN:10,create
FNF:3
FNH:3
FNDA:1,get id
FNDA:1,BasketId
FNDA:1,create
DA:1,1
DA:2,1
DA:3,1
DA:4,1
DA:5,1
DA:6,1
DA:7,1
DA:8,1
DA:9,1
DA:10,1
DA:11,1
DA:12,1
DA:13,1
LF:13
LH:13
BRDA:3,0,0,1
BRDA:6,1,0,1
BRDA:10,2,0,1
BRF:3
BRH:3
end_of_record
TN:
SF:src/Domain/aggregates-root/product/Product.domain-aggregate-root.ts
FN:25,Product
FN:29,get id
FN:33,get info
FN:37,get description
FN:41,get category
FN:45,get isSpecial
FN:49,get price
FN:53,get quantityAvaliable
FN:57,get images
FN:61,get isActive
FN:65,get numberOfRatings
FN:69,get ratingAverage
FN:73,get comments
FN:77,get tags
FN:81,updateProductRating
FN:93,changePrice
FN:103,addImage
FN:108,removeImage
FN:115,launchStock
FN:124,incrementStock
FN:128,decrementStock
FN:139,changeDescription
FN:153,deactivate
FN:158,activate
FN:163,addComment
FN:171,removeComment
FN:181,addTag
FN:189,removeTag
FN:199,create
FNF:29
FNH:23
FNDA:25,Product
FNDA:1,get id
FNDA:0,get info
FNDA:0,get description
FNDA:0,get category
FNDA:0,get isSpecial
FNDA:0,get price
FNDA:11,get quantityAvaliable
FNDA:5,get images
FNDA:3,get isActive
FNDA:4,get numberOfRatings
FNDA:4,get ratingAverage
FNDA:7,get comments
FNDA:7,get tags
FNDA:2,updateProductRating
FNDA:0,changePrice
FNDA:2,addImage
FNDA:1,removeImage
FNDA:2,launchStock
FNDA:1,incrementStock
FNDA:3,decrementStock
FNDA:1,changeDescription
FNDA:1,deactivate
FNDA:1,activate
FNDA:4,addComment
FNDA:1,removeComment
FNDA:4,addTag
FNDA:1,removeTag
FNDA:28,create
DA:1,1
DA:2,1
DA:3,1
DA:4,1
DA:5,1
DA:6,1
DA:7,1
DA:8,1
DA:9,1
DA:10,1
DA:11,1
DA:12,1
DA:13,1
DA:14,1
DA:15,1
DA:16,1
DA:17,1
DA:18,1
DA:19,1
DA:20,1
DA:21,1
DA:22,1
DA:23,1
DA:24,1
DA:25,1
DA:26,25
DA:27,25
DA:28,1
DA:29,1
DA:30,1
DA:31,1
DA:32,1
DA:33,1
DA:34,0
DA:35,0
DA:36,1
DA:37,1
DA:38,0
DA:39,0
DA:40,1
DA:41,1
DA:42,0
DA:43,0
DA:44,1
DA:45,1
DA:46,0
DA:47,0
DA:48,1
DA:49,1
DA:50,0
DA:51,0
DA:52,1
DA:53,1
DA:54,11
DA:55,11
DA:56,1
DA:57,1
DA:58,5
DA:59,5
DA:60,1
DA:61,1
DA:62,3
DA:63,3
DA:64,1
DA:65,1
DA:66,4
DA:67,4
DA:68,1
DA:69,1
DA:70,4
DA:71,4
DA:72,1
DA:73,1
DA:74,7
DA:75,7
DA:76,1
DA:77,1
DA:78,7
DA:79,7
DA:80,1
DA:81,1
DA:82,2
DA:83,2
DA:84,2
DA:85,2
DA:86,1
DA:87,1
DA:88,1
DA:89,1
DA:90,1
DA:91,1
DA:92,1
DA:93,1
DA:94,0
DA:95,0
DA:96,0
DA:97,0
DA:98,0
DA:99,0
DA:100,0
DA:101,0
DA:102,1
DA:103,1
DA:104,2
DA:105,2
DA:106,2
DA:107,1
DA:108,1
DA:109,1
DA:110,1
DA:111,1
DA:112,1
DA:113,1
DA:114,1
DA:115,1
DA:116,2
DA:117,2
DA:118,1
DA:119,1
DA:120,1
DA:121,1
DA:122,1
DA:123,1
DA:124,1
DA:125,1
DA:126,1
DA:127,1
DA:128,1
DA:129,3
DA:130,3
DA:131,3
DA:132,3
DA:133,1
DA:134,1
DA:135,2
DA:136,2
DA:137,2
DA:138,1
DA:139,1
DA:140,1
DA:141,1
DA:142,1
DA:143,1
DA:144,1
DA:145,1
DA:146,1
DA:147,1
DA:148,0
DA:149,0
DA:150,0
DA:151,0
DA:152,1
DA:153,1
DA:154,1
DA:155,1
DA:156,1
DA:157,1
DA:158,1
DA:159,1
DA:160,1
DA:161,1
DA:162,1
DA:163,1
DA:164,4
DA:165,4
DA:166,4
DA:167,2
DA:168,2
DA:169,4
DA:170,1
DA:171,1
DA:172,1
DA:173,1
DA:174,0
DA:175,0
DA:176,1
DA:177,1
DA:178,1
DA:179,1
DA:180,1
DA:181,1
DA:182,4
DA:183,4
DA:184,4
DA:185,2
DA:186,2
DA:187,4
DA:188,1
DA:189,1
DA:190,1
DA:191,1
DA:192,0
DA:193,0
DA:194,1
DA:195,1
DA:196,1
DA:197,1
DA:198,1
DA:199,1
DA:200,28
DA:201,28
DA:202,28
DA:203,28
DA:204,28
DA:205,28
DA:206,28
DA:207,28
DA:208,28
DA:209,1
DA:210,1
DA:211,27
DA:212,27
DA:213,27
DA:214,28
DA:215,1
DA:216,1
DA:217,26
DA:218,28
DA:219,1
DA:220,1
DA:221,25
DA:222,25
DA:223,1
LF:223
LH:197
BRDA:25,0,0,25
BRDA:29,1,0,1
BRDA:53,2,0,11
BRDA:57,3,0,5
BRDA:61,4,0,3
BRDA:65,5,0,4
BRDA:66,6,0,1
BRDA:66,7,0,3
BRDA:69,8,0,4
BRDA:70,9,0,1
BRDA:70,10,0,3
BRDA:73,11,0,7
BRDA:74,12,0,5
BRDA:74,13,0,2
BRDA:77,14,0,7
BRDA:78,15,0,5
BRDA:78,16,0,2
BRDA:81,17,0,2
BRDA:85,18,0,1
BRDA:103,19,0,2
BRDA:108,20,0,1
BRDA:110,21,0,4
BRDA:115,22,0,2
BRDA:117,23,0,1
BRDA:124,24,0,1
BRDA:128,25,0,3
BRDA:132,26,0,1
BRDA:135,27,0,2
BRDA:139,28,0,1
BRDA:148,29,0,0
BRDA:153,30,0,1
BRDA:158,31,0,1
BRDA:163,32,0,4
BRDA:164,33,0,2
BRDA:164,34,0,2
BRDA:166,35,0,2
BRDA:171,36,0,1
BRDA:172,37,0,0
BRDA:173,38,0,0
BRDA:177,39,0,2
BRDA:181,40,0,4
BRDA:182,41,0,2
BRDA:182,42,0,2
BRDA:184,43,0,2
BRDA:189,44,0,1
BRDA:190,45,0,0
BRDA:191,46,0,0
BRDA:195,47,0,2
BRDA:199,48,0,28
BRDA:208,49,0,1
BRDA:211,50,0,27
BRDA:214,51,0,1
BRDA:217,52,0,26
BRDA:218,53,0,1
BRDA:221,54,0,25
BRF:55
BRH:50
end_of_record
TN:
SF:src/Domain/aggregates-root/product/ProductErrors.domain-aggregate-root.ts
FNF:0
FNH:0
DA:1,1
DA:2,1
DA:3,1
DA:4,1
DA:5,1
DA:6,1
DA:7,1
DA:8,1
DA:9,1
LF:9
LH:9
BRF:0
BRH:0
end_of_record
TN:
SF:src/Domain/aggregates-root/product/ProductId.domain-aggregate-root.ts
FN:3,get id
FN:6,ProductId
FN:10,create
FNF:3
FNH:3
FNDA:1,get id
FNDA:1,ProductId
FNDA:1,create
DA:1,1
DA:2,1
DA:3,1
DA:4,1
DA:5,1
DA:6,1
DA:7,1
DA:8,1
DA:9,1
DA:10,1
DA:11,1
DA:12,1
DA:13,1
LF:13
LH:13
BRDA:3,0,0,1
BRDA:6,1,0,1
BRDA:10,2,0,1
BRF:3
BRH:3
end_of_record
TN:
SF:src/Domain/entities/basket-category/BasketCategory.domain-entity.ts
FN:17,BasketCategory
FN:21,get id
FN:25,get description
FN:29,get changesLimit
FN:33,create
FNF:5
FNH:5
FNDA:22,BasketCategory
FNDA:1,get id
FNDA:3,get description
FNDA:3,get changesLimit
FNDA:25,create
DA:1,1
DA:2,1
DA:3,1
DA:4,1
DA:5,1
DA:6,1
DA:7,1
DA:8,1
DA:9,1
DA:10,1
DA:11,1
DA:12,1
DA:13,1
DA:14,1
DA:15,1
DA:16,1
DA:17,1
DA:18,22
DA:19,22
DA:20,1
DA:21,1
DA:22,1
DA:23,1
DA:24,1
DA:25,1
DA:26,3
DA:27,3
DA:28,1
DA:29,1
DA:30,3
DA:31,3
DA:32,1
DA:33,1
DA:34,25
DA:35,25
DA:36,25
DA:37,25
DA:38,25
DA:39,25
DA:40,25
DA:41,25
DA:42,25
DA:43,25
DA:44,1
DA:45,1
DA:46,25
DA:47,25
DA:48,1
DA:49,1
DA:50,24
DA:51,25
DA:52,2
DA:53,2
DA:54,2
DA:55,2
DA:56,22
DA:57,22
DA:58,1
LF:58
LH:58
BRDA:17,0,0,22
BRDA:21,1,0,1
BRDA:25,2,0,3
BRDA:29,3,0,3
BRDA:33,4,0,25
BRDA:43,5,0,1
BRDA:47,6,0,1
BRDA:50,7,0,24
BRDA:51,8,0,2
BRDA:56,9,0,22
BRF:10
BRH:10
end_of_record
TN:
SF:src/Domain/entities/basket-category/BasketCategoryErrors.domain-entity.ts
FNF:0
FNH:0
DA:1,1
DA:2,1
DA:3,1
DA:4,1
DA:5,1
DA:6,1
DA:7,1
LF:7
LH:7
BRF:0
BRH:0
end_of_record
TN:
SF:src/Domain/entities/basket-category/BasketCategoryId.domain-entity.ts
FN:4,get id
FN:7,BasketCategoryId
FN:11,create
FNF:3
FNH:3
FNDA:1,get id
FNDA:1,BasketCategoryId
FNDA:1,create
DA:1,1
DA:2,1
DA:3,1
DA:4,1
DA:5,1
DA:6,1
DA:7,1
DA:8,1
DA:9,1
DA:10,1
DA:11,1
DA:12,1
DA:13,1
DA:14,1
LF:14
LH:14
BRDA:4,0,0,1
BRDA:7,1,0,1
BRDA:11,2,0,1
BRF:3
BRH:3
end_of_record
TN:
SF:src/Domain/entities/city/City.domain-entity.ts
FN:9,City
FN:13,get id
FN:17,get name
FN:21,get stateId
FN:25,create
FNF:5
FNH:4
FNDA:2,City
FNDA:1,get id
FNDA:1,get name
FNDA:0,get stateId
FNDA:5,create
DA:1,1
DA:2,1
DA:3,1
DA:4,1
DA:5,1
DA:6,1
DA:7,1
DA:8,1
DA:9,1
DA:10,2
DA:11,2
DA:12,1
DA:13,1
DA:14,1
DA:15,1
DA:16,1
DA:17,1
DA:18,1
DA:19,1
DA:20,1
DA:21,1
DA:22,0
DA:23,0
DA:24,1
DA:25,1
DA:26,5
DA:27,5
DA:28,5
DA:29,5
DA:30,5
DA:31,5
DA:32,3
DA:33,3
DA:34,2
DA:35,2
DA:36,1
LF:36
LH:34
BRDA:9,0,0,2
BRDA:13,1,0,1
BRDA:17,2,0,1
BRDA:25,3,0,5
BRDA:31,4,0,4
BRDA:31,5,0,3
BRDA:34,6,0,2
BRF:7
BRH:7
end_of_record
TN:
SF:src/Domain/entities/city/CityErrors.domain-entity.ts
FNF:0
FNH:0
DA:1,1
DA:2,1
DA:3,1
DA:4,1
DA:5,1
LF:5
LH:5
BRF:0
BRH:0
end_of_record
TN:
SF:src/Domain/entities/city/CityId.domain-entity.ts
FN:3,get id
FN:6,CityId
FN:10,create
FNF:3
FNH:3
FNDA:1,get id
FNDA:1,CityId
FNDA:1,create
DA:1,1
DA:2,1
DA:3,1
DA:4,1
DA:5,1
DA:6,1
DA:7,1
DA:8,1
DA:9,1
DA:10,1
DA:11,1
DA:12,1
DA:13,1
LF:13
LH:13
BRDA:3,0,0,1
BRDA:6,1,0,1
BRDA:10,2,0,1
BRF:3
BRH:3
end_of_record
TN:
SF:src/Domain/entities/comment/Comment.domain-entity.ts
FN:10,Comment
FN:14,get id
FN:18,get text
FN:22,get likes
FN:26,get reportedCommentQuantity
FN:30,incremmentCommentReport
FN:37,incrementLike
FN:41,deleteCommentOnReportSevenTimes
FN:46,create
FNF:9
FNH:9
FNDA:7,Comment
FNDA:5,get id
FNDA:1,get text
FNDA:2,get likes
FNDA:18,get reportedCommentQuantity
FNDA:8,incremmentCommentReport
FNDA:1,incrementLike
FNDA:2,deleteCommentOnReportSevenTimes
FNDA:9,create
DA:1,1
DA:2,1
DA:3,1
DA:4,1
DA:5,1
DA:6,1
DA:7,1
DA:8,1
DA:9,1
DA:10,1
DA:11,7
DA:12,7
DA:13,1
DA:14,1
DA:15,5
DA:16,5
DA:17,1
DA:18,1
DA:19,1
DA:20,1
DA:21,1
DA:22,1
DA:23,2
DA:24,2
DA:25,1
DA:26,1
DA:27,18
DA:28,18
DA:29,1
DA:30,1
DA:31,8
DA:32,8
DA:33,2
DA:34,2
DA:35,8
DA:36,1
DA:37,1
DA:38,1
DA:39,1
DA:40,1
DA:41,1
DA:42,2
DA:43,2
DA:44,2
DA:45,1
DA:46,1
DA:47,9
DA:48,9
DA:49,9
DA:50,9
DA:51,9
DA:52,9
DA:53,9
DA:54,9
DA:55,9
DA:56,9
DA:57,2
DA:58,2
DA:59,7
DA:60,7
DA:61,7
DA:62,1
LF:62
LH:62
BRDA:10,0,0,7
BRDA:14,1,0,5
BRDA:18,2,0,1
BRDA:22,3,0,2
BRDA:23,4,0,1
BRDA:23,5,0,1
BRDA:26,6,0,18
BRDA:27,7,0,16
BRDA:27,8,0,2
BRDA:30,9,0,8
BRDA:32,10,0,2
BRDA:37,11,0,1
BRDA:41,12,0,2
BRDA:46,13,0,9
BRDA:56,14,0,2
BRDA:59,15,0,7
BRF:16
BRH:16
end_of_record
TN:
SF:src/Domain/entities/comment/CommentErrors.domain-entity.ts
FNF:0
FNH:0
DA:1,1
DA:2,1
DA:3,1
DA:4,1
DA:5,1
LF:5
LH:5
BRF:0
BRH:0
end_of_record
TN:
SF:src/Domain/entities/comment/CommentId.domain-entity.ts
FN:4,get id
FN:7,CommentId
FN:11,create
FNF:3
FNH:3
FNDA:1,get id
FNDA:1,CommentId
FNDA:1,create
DA:1,1
DA:2,1
DA:3,1
DA:4,1
DA:5,1
DA:6,1
DA:7,1
DA:8,1
DA:9,1
DA:10,1
DA:11,1
DA:12,1
DA:13,1
DA:14,1
LF:14
LH:14
BRDA:4,0,0,1
BRDA:7,1,0,1
BRDA:11,2,0,1
BRF:3
BRH:3
end_of_record
TN:
SF:src/Domain/entities/coupon/Coupon.domain-entity.ts
FN:25,Coupon
FN:29,get id
FN:33,get description
FN:37,get isActive
FN:41,get quantityAvaliable
FN:45,get isPercentage
FN:49,get discount
FN:53,get code
FN:57,get expiresAt
FN:61,deactivate
FN:65,activate
FN:69,updateExpirationDate
FN:78,create
FNF:13
FNH:13
FNDA:6,Coupon
FNDA:1,get id
FNDA:1,get description
FNDA:6,get isActive
FNDA:1,get quantityAvaliable
FNDA:2,get isPercentage
FNDA:2,get discount
FNDA:1,get code
FNDA:1,get expiresAt
FNDA:1,deactivate
FNDA:1,activate
FNDA:2,updateExpirationDate
FNDA:10,create
DA:1,1
DA:2,1
DA:3,1
DA:4,1
DA:5,1
DA:6,1
DA:7,1
DA:8,1
DA:9,1
DA:10,1
DA:11,1
DA:12,1
DA:13,1
DA:14,1
DA:15,1
DA:16,1
DA:17,1
DA:18,1
DA:19,1
DA:20,1
DA:21,1
DA:22,1
DA:23,1
DA:24,1
DA:25,1
DA:26,6
DA:27,6
DA:28,1
DA:29,1
DA:30,1
DA:31,1
DA:32,1
DA:33,1
DA:34,1
DA:35,1
DA:36,1
DA:37,1
DA:38,6
DA:39,6
DA:40,1
DA:41,1
DA:42,1
DA:43,1
DA:44,1
DA:45,1
DA:46,2
DA:47,2
DA:48,1
DA:49,1
DA:50,2
DA:51,2
DA:52,1
DA:53,1
DA:54,1
DA:55,1
DA:56,1
DA:57,1
DA:58,1
DA:59,1
DA:60,1
DA:61,1
DA:62,1
DA:63,1
DA:64,1
DA:65,1
DA:66,1
DA:67,1
DA:68,1
DA:69,1
DA:70,2
DA:71,2
DA:72,1
DA:73,1
DA:74,1
DA:75,1
DA:76,1
DA:77,1
DA:78,1
DA:79,10
DA:80,10
DA:81,10
DA:82,10
DA:83,10
DA:84,10
DA:85,10
DA:86,10
DA:87,10
DA:88,10
DA:89,1
DA:90,1
DA:91,9
DA:92,9
DA:93,9
DA:94,9
DA:95,9
DA:96,9
DA:97,9
DA:98,10
DA:99,1
DA:100,1
DA:101,8
DA:102,10
DA:103,6
DA:104,6
DA:105,6
DA:106,6
DA:107,6
DA:108,6
DA:109,1
DA:110,1
DA:111,6
DA:112,7
DA:113,10
DA:114,1
DA:115,1
DA:116,6
DA:117,6
DA:118,6
DA:119,1
LF:119
LH:119
BRDA:25,0,0,6
BRDA:29,1,0,1
BRDA:33,2,0,1
BRDA:37,3,0,6
BRDA:41,4,0,1
BRDA:45,5,0,2
BRDA:49,6,0,2
BRDA:53,7,0,1
BRDA:57,8,0,1
BRDA:61,9,0,1
BRDA:65,10,0,1
BRDA:69,11,0,2
BRDA:71,12,0,1
BRDA:78,13,0,10
BRDA:88,14,0,1
BRDA:91,15,0,9
BRDA:98,16,0,1
BRDA:101,17,0,8
BRDA:102,18,0,6
BRDA:108,19,0,1
BRDA:112,20,0,7
BRDA:113,21,0,1
BRDA:116,22,0,6
BRF:23
BRH:23
end_of_record
TN:
SF:src/Domain/entities/coupon/CouponErrors.domain-entity.ts
FNF:0
FNH:0
DA:1,1
DA:2,1
DA:3,1
DA:4,1
DA:5,1
DA:6,1
DA:7,1
DA:8,1
DA:9,1
DA:10,1
DA:11,1
DA:12,1
DA:13,1
DA:14,1
DA:15,1
LF:15
LH:15
BRF:0
BRH:0
end_of_record
TN:
SF:src/Domain/entities/coupon/CouponId.domain-entity.ts
FN:4,get id
FN:7,CouponId
FN:11,create
FNF:3
FNH:3
FNDA:1,get id
FNDA:1,CouponId
FNDA:1,create
DA:1,1
DA:2,1
DA:3,1
DA:4,1
DA:5,1
DA:6,1
DA:7,1
DA:8,1
DA:9,1
DA:10,1
DA:11,1
DA:12,1
DA:13,1
DA:14,1
LF:14
LH:14
BRDA:4,0,0,1
BRDA:7,1,0,1
BRDA:11,2,0,1
BRF:3
BRH:3
end_of_record
TN:
SF:src/Domain/entities/delivery-status/DeliveryStatus.domain-entity.ts
FN:14,DeliveryStatus
FN:18,get id
FN:22,get isActive
FN:26,get description
FN:30,get info
FN:34,deactivate
FN:39,activate
FN:44,create
FNF:8
FNH:7
FNDA:4,DeliveryStatus
FNDA:1,get id
FNDA:2,get isActive
FNDA:1,get description
FNDA:1,get info
FNDA:1,deactivate
FNDA:0,activate
FNDA:8,create
DA:1,1
DA:2,1
DA:3,1
DA:4,1
DA:5,1
DA:6,1
DA:7,1
DA:8,1
DA:9,1
DA:10,1
DA:11,1
DA:12,1
DA:13,1
DA:14,1
DA:15,4
DA:16,4
DA:17,1
DA:18,1
DA:19,1
DA:20,1
DA:21,1
DA:22,1
DA:23,2
DA:24,2
DA:25,1
DA:26,1
DA:27,1
DA:28,1
DA:29,1
DA:30,1
DA:31,1
DA:32,1
DA:33,1
DA:34,1
DA:35,1
DA:36,1
DA:37,1
DA:38,1
DA:39,1
DA:40,0
DA:41,0
DA:42,0
DA:43,1
DA:44,1
DA:45,8
DA:46,8
DA:47,8
DA:48,8
DA:49,8
DA:50,8
DA:51,8
DA:52,8
DA:53,8
DA:54,8
DA:55,3
DA:56,3
DA:57,3
DA:58,3
DA:59,5
DA:60,5
DA:61,5
DA:62,5
DA:63,5
DA:64,5
DA:65,5
DA:66,5
DA:67,5
DA:68,1
DA:69,1
DA:70,1
DA:71,1
DA:72,5
DA:73,4
DA:74,4
DA:75,1
LF:75
LH:72
BRDA:14,0,0,4
BRDA:18,1,0,1
BRDA:22,2,0,2
BRDA:23,3,0,1
BRDA:23,4,0,1
BRDA:26,5,0,1
BRDA:30,6,0,1
BRDA:31,7,0,0
BRDA:34,8,0,1
BRDA:44,9,0,8
BRDA:54,10,0,3
BRDA:59,11,0,5
BRDA:67,12,0,1
BRDA:73,13,0,4
BRF:14
BRH:13
end_of_record
TN:
SF:src/Domain/entities/delivery-status/DeliveryStatusErrors.domain-entity.ts
FNF:0
FNH:0
DA:1,1
DA:2,1
DA:3,1
DA:4,1
DA:5,1
DA:6,1
DA:7,1
DA:8,1
LF:8
LH:8
BRF:0
BRH:0
end_of_record
TN:
SF:src/Domain/entities/delivery-status/DeliveryStatusId.domain-entity.ts
FN:4,get id
FN:7,DeliveryStatusId
FN:11,create
FNF:3
FNH:3
FNDA:1,get id
FNDA:1,DeliveryStatusId
FNDA:1,create
DA:1,1
DA:2,1
DA:3,1
DA:4,1
DA:5,1
DA:6,1
DA:7,1
DA:8,1
DA:9,1
DA:10,1
DA:11,1
DA:12,1
DA:13,1
DA:14,1
LF:14
LH:14
BRDA:4,0,0,1
BRDA:7,1,0,1
BRDA:11,2,0,1
BRF:3
BRH:3
end_of_record
TN:
SF:src/Domain/entities/item/ItemBasket.domain-entity.ts
FN:7,ItemBasket
FN:11,get id
FN:15,get item
FN:19,get orderId
FN:23,get quantity
FN:27,get total
FN:31,create
FNF:7
FNH:6
FNDA:2,ItemBasket
FNDA:1,get id
FNDA:1,get item
FNDA:0,get orderId
FNDA:1,get quantity
FNDA:1,get total
FNDA:3,create
DA:1,1
DA:2,1
DA:3,1
DA:4,1
DA:5,1
DA:6,1
DA:7,1
DA:8,2
DA:9,2
DA:10,1
DA:11,1
DA:12,1
DA:13,1
DA:14,1
DA:15,1
DA:16,1
DA:17,1
DA:18,1
DA:19,1
DA:20,0
DA:21,0
DA:22,1
DA:23,1
DA:24,1
DA:25,1
DA:26,1
DA:27,1
DA:28,1
DA:29,1
DA:30,1
DA:31,1
DA:32,3
DA:33,3
DA:34,3
DA:35,3
DA:36,3
DA:37,1
DA:38,1
DA:39,2
DA:40,2
DA:41,1
LF:41
LH:39
BRDA:7,0,0,2
BRDA:11,1,0,1
BRDA:15,2,0,1
BRDA:23,3,0,1
BRDA:27,4,0,1
BRDA:31,5,0,3
BRDA:36,6,0,1
BRDA:39,7,0,2
BRF:8
BRH:8
end_of_record
TN:
SF:src/Domain/entities/item/ItemErrors.domain-entity.ts
FNF:0
FNH:0
DA:1,1
DA:2,1
LF:2
LH:2
BRF:0
BRH:0
end_of_record
TN:
SF:src/Domain/entities/item/ItemId.domain-entity.ts
FN:1,(empty-report)
FNF:1
FNH:0
FNDA:0,(empty-report)
DA:1,0
DA:2,0
DA:3,0
DA:4,0
DA:5,0
DA:6,0
DA:7,0
DA:8,0
DA:9,0
DA:10,0
DA:11,0
DA:12,0
DA:13,0
DA:14,0
LF:14
LH:0
BRDA:1,0,0,0
BRF:1
BRH:0
end_of_record
TN:
SF:src/Domain/entities/item/ItemProduct.domain-entity.ts
FN:8,ItemProduct
FN:12,get id
FN:16,get item
FN:20,get orderId
FN:24,get quantity
FN:28,get total
FN:32,create
FNF:7
FNH:6
FNDA:4,ItemProduct
FNDA:1,get id
FNDA:1,get item
FNDA:0,get orderId
FNDA:1,get quantity
FNDA:1,get total
FNDA:5,create
DA:1,1
DA:2,1
DA:3,1
DA:4,1
DA:5,1
DA:6,1
DA:7,1
DA:8,1
DA:9,4
DA:10,4
DA:11,1
DA:12,1
DA:13,1
DA:14,1
DA:15,1
DA:16,1
DA:17,1
DA:18,1
DA:19,1
DA:20,1
DA:21,0
DA:22,0
DA:23,1
DA:24,1
DA:25,1
DA:26,1
DA:27,1
DA:28,1
DA:29,1
DA:30,1
DA:31,1
DA:32,1
DA:33,5
DA:34,5
DA:35,5
DA:36,5
DA:37,5
DA:38,1
DA:39,1
DA:40,4
DA:41,4
DA:42,1
LF:42
LH:40
BRDA:8,0,0,4
BRDA:12,1,0,1
BRDA:16,2,0,1
BRDA:24,3,0,1
BRDA:28,4,0,1
BRDA:32,5,0,5
BRDA:37,6,0,1
BRDA:40,7,0,4
BRF:8
BRH:8
end_of_record
TN:
SF:src/Domain/entities/product-category/ProductCategory.domain-entity.ts
FN:9,ProductCategory
FN:13,get id
FN:17,get description
FN:21,create
FNF:4
FNH:4
FNDA:28,ProductCategory
FNDA:1,get id
FNDA:1,get description
FNDA:30,create
DA:1,1
DA:2,1
DA:3,1
DA:4,1
DA:5,1
DA:6,1
DA:7,1
DA:8,1
DA:9,1
DA:10,28
DA:11,28
DA:12,1
DA:13,1
DA:14,1
DA:15,1
DA:16,1
DA:17,1
DA:18,1
DA:19,1
DA:20,1
DA:21,1
DA:22,30
DA:23,30
DA:24,30
DA:25,30
DA:26,30
DA:27,30
DA:28,30
DA:29,30
DA:30,30
DA:31,2
DA:32,2
DA:33,2
DA:34,2
DA:35,28
DA:36,28
DA:37,1
LF:37
LH:37
BRDA:9,0,0,28
BRDA:13,1,0,1
BRDA:17,2,0,1
BRDA:21,3,0,30
BRDA:30,4,0,2
BRDA:35,5,0,28
BRF:6
BRH:6
end_of_record
TN:
SF:src/Domain/entities/product-category/ProductCategoryErrors.domain-entity.ts
FNF:0
FNH:0
DA:1,1
DA:2,1
DA:3,1
DA:4,1
DA:5,1
LF:5
LH:5
BRF:0
BRH:0
end_of_record
TN:
SF:src/Domain/entities/product-category/ProductCategoryId.domain-entity.ts
FN:4,get id
FN:7,ProductCategoryId
FN:11,create
FNF:3
FNH:3
FNDA:2,get id
FNDA:1,ProductCategoryId
FNDA:1,create
DA:1,1
DA:2,1
DA:3,1
DA:4,1
DA:5,2
DA:6,2
DA:7,1
DA:8,1
DA:9,1
DA:10,1
DA:11,1
DA:12,1
DA:13,1
DA:14,1
LF:14
LH:14
BRDA:4,0,0,2
BRDA:7,1,0,1
BRDA:11,2,0,1
BRF:3
BRH:3
end_of_record
TN:
SF:src/Domain/entities/region/Region.domain-entity.ts
FN:10,Region
FN:14,get id
FN:18,get description
FN:22,get freigthPrice
FN:26,get isActive
FN:30,get geoCode
FN:34,deactivate
FN:39,activate
FN:44,create
FNF:9
FNH:9
FNDA:4,Region
FNDA:3,get id
FNDA:1,get description
FNDA:1,get freigthPrice
FNDA:5,get isActive
FNDA:1,get geoCode
FNDA:1,deactivate
FNDA:1,activate
FNDA:6,create
DA:1,1
DA:2,1
DA:3,1
DA:4,1
DA:5,1
DA:6,1
DA:7,1
DA:8,1
DA:9,1
DA:10,1
DA:11,4
DA:12,4
DA:13,1
DA:14,1
DA:15,3
DA:16,3
DA:17,1
DA:18,1
DA:19,1
DA:20,1
DA:21,1
DA:22,1
DA:23,1
DA:24,1
DA:25,1
DA:26,1
DA:27,5
DA:28,5
DA:29,1
DA:30,1
DA:31,1
DA:32,1
DA:33,1
DA:34,1
DA:35,1
DA:36,1
DA:37,1
DA:38,1
DA:39,1
DA:40,1
DA:41,1
DA:42,1
DA:43,1
DA:44,1
DA:45,6
DA:46,6
DA:47,6
DA:48,6
DA:49,6
DA:50,6
DA:51,6
DA:52,6
DA:53,6
DA:54,2
DA:55,2
DA:56,4
DA:57,4
DA:58,1
LF:58
LH:58
BRDA:10,0,0,4
BRDA:14,1,0,3
BRDA:18,2,0,1
BRDA:22,3,0,1
BRDA:26,4,0,5
BRDA:27,5,0,3
BRDA:27,6,0,2
BRDA:30,7,0,1
BRDA:31,8,0,0
BRDA:34,9,0,1
BRDA:39,10,0,1
BRDA:44,11,0,6
BRDA:53,12,0,2
BRDA:56,13,0,4
BRF:14
BRH:13
end_of_record
TN:
SF:src/Domain/entities/region/RegionErrors.domain-entity.ts
FNF:0
FNH:0
DA:1,1
DA:2,1
DA:3,1
DA:4,1
DA:5,1
LF:5
LH:5
BRF:0
BRH:0
end_of_record
TN:
SF:src/Domain/entities/region/RegionId.domain-entity.ts
FN:4,get id
FN:7,RegionId
FN:11,create
FNF:3
FNH:3
FNDA:1,get id
FNDA:1,RegionId
FNDA:1,create
DA:1,1
DA:2,1
DA:3,1
DA:4,1
DA:5,1
DA:6,1
DA:7,1
DA:8,1
DA:9,1
DA:10,1
DA:11,1
DA:12,1
DA:13,1
DA:14,1
LF:14
LH:14
BRDA:4,0,0,1
BRDA:7,1,0,1
BRDA:11,2,0,1
BRF:3
BRH:3
end_of_record
TN:
SF:src/Domain/entities/state/State.domain-entity.ts
FN:14,State
FN:18,get id
FN:22,get description
FN:26,get initial
FN:30,create
FNF:5
FNH:5
FNDA:2,State
FNDA:1,get id
FNDA:1,get description
FNDA:1,get initial
FNDA:3,create
DA:1,1
DA:2,1
DA:3,1
DA:4,1
DA:5,1
DA:6,1
DA:7,1
DA:8,1
DA:9,1
DA:10,1
DA:11,1
DA:12,1
DA:13,1
DA:14,1
DA:15,2
DA:16,2
DA:17,1
DA:18,1
DA:19,1
DA:20,1
DA:21,1
DA:22,1
DA:23,1
DA:24,1
DA:25,1
DA:26,1
DA:27,1
DA:28,1
DA:29,1
DA:30,1
DA:31,3
DA:32,3
DA:33,3
DA:34,3
DA:35,3
DA:36,3
DA:37,1
DA:38,1
DA:39,2
DA:40,2
DA:41,3
DA:42,0
DA:43,0
DA:44,2
DA:45,2
DA:46,2
DA:47,2
DA:48,2
DA:49,2
DA:50,2
DA:51,2
DA:52,2
DA:53,2
DA:54,2
DA:55,2
DA:56,2
DA:57,1
LF:57
LH:55
BRDA:14,0,0,2
BRDA:18,1,0,1
BRDA:22,2,0,1
BRDA:26,3,0,1
BRDA:30,4,0,3
BRDA:36,5,0,1
BRDA:39,6,0,2
BRDA:41,7,0,0
BRDA:44,8,0,2
BRF:9
BRH:8
end_of_record
TN:
SF:src/Domain/entities/state/StateErrors.domain.entity.ts
FNF:0
FNH:0
DA:1,1
DA:2,1
DA:3,1
DA:4,1
DA:5,1
DA:6,1
LF:6
LH:6
BRF:0
BRH:0
end_of_record
TN:
SF:src/Domain/entities/state/StateId.domain-entity.ts
FN:4,get id
FN:7,StateId
FN:11,create
FNF:3
FNH:3
FNDA:2,get id
FNDA:1,StateId
FNDA:1,create
DA:1,1
DA:2,1
DA:3,1
DA:4,1
DA:5,2
DA:6,2
DA:7,1
DA:8,1
DA:9,1
DA:10,1
DA:11,1
DA:12,1
DA:13,1
DA:14,1
LF:14
LH:14
BRDA:4,0,0,2
BRDA:7,1,0,1
BRDA:11,2,0,1
BRF:3
BRH:3
end_of_record
TN:
SF:src/Domain/entities/tag/Tag.domain-entity.ts
FN:9,Tag
FN:13,get id
FN:17,get description
FN:21,create
FNF:4
FNH:4
FNDA:6,Tag
FNDA:7,get id
FNDA:2,get description
FNDA:8,create
DA:1,1
DA:2,1
DA:3,1
DA:4,1
DA:5,1
DA:6,1
DA:7,1
DA:8,1
DA:9,1
DA:10,6
DA:11,6
DA:12,1
DA:13,1
DA:14,7
DA:15,7
DA:16,1
DA:17,1
DA:18,2
DA:19,2
DA:20,1
DA:21,1
DA:22,8
DA:23,8
DA:24,8
DA:25,8
DA:26,8
DA:27,8
DA:28,8
DA:29,2
DA:30,2
DA:31,6
DA:32,6
DA:33,1
LF:33
LH:33
BRDA:9,0,0,6
BRDA:13,1,0,7
BRDA:17,2,0,2
BRDA:21,3,0,8
BRDA:28,4,0,2
BRDA:31,5,0,6
BRF:6
BRH:6
end_of_record
TN:
SF:src/Domain/entities/tag/TagErrors.domain-entity.ts
FNF:0
FNH:0
DA:1,1
DA:2,1
DA:3,1
DA:4,1
DA:5,1
DA:6,1
LF:6
LH:6
BRF:0
BRH:0
end_of_record
TN:
SF:src/Domain/entities/tag/TagId.domain-entity.ts
FN:4,get id
FN:7,TagId
FN:11,create
FNF:3
FNH:3
FNDA:1,get id
FNDA:1,TagId
FNDA:1,create
DA:1,1
DA:2,1
DA:3,1
DA:4,1
DA:5,1
DA:6,1
DA:7,1
DA:8,1
DA:9,1
DA:10,1
DA:11,1
DA:12,1
DA:13,1
DA:14,1
LF:14
LH:14
BRDA:4,0,0,1
BRDA:7,1,0,1
BRDA:11,2,0,1
BRF:3
BRH:3
end_of_record
TN:
SF:src/Domain/utils/convert-negative-number-to-positive.domain.util.ts
FN:1,convertNegativeNumberToPositive
FNF:1
FNH:1
FNDA:2,convertNegativeNumberToPositive
DA:1,1
DA:2,2
DA:3,0
DA:4,0
DA:5,2
DA:6,2
LF:6
LH:4
BRDA:1,0,0,2
BRDA:2,1,0,0
BRF:2
BRH:1
end_of_record
TN:
SF:src/Domain/utils/convert-positive-number-to-negative.domain.util.ts
FN:1,convertPositiveNumberToNegative
FNF:1
FNH:1
FNDA:2,convertPositiveNumberToNegative
DA:1,1
DA:2,2
DA:3,0
DA:4,0
DA:5,2
DA:6,2
LF:6
LH:4
BRDA:1,0,0,2
BRDA:2,1,0,0
BRF:2
BRH:1
end_of_record
TN:
SF:src/Domain/utils/format-number-to-currency.domain.util.ts
FN:1,formatNumberToCurrency
FNF:1
FNH:1
FNDA:3,formatNumberToCurrency
DA:1,1
DA:2,3
DA:3,3
DA:4,3
DA:5,3
DA:6,1
LF:6
LH:6
BRDA:1,0,0,3
BRF:1
BRH:1
end_of_record
TN:
SF:src/Domain/utils/get-difference-in-days-from-date-and-current-day.domain.util.ts
FN:3,getDifferenceInDaysFromDateAndCurrentDay
FNF:1
FNH:1
FNDA:2,getDifferenceInDaysFromDateAndCurrentDay
DA:1,1
DA:2,1
DA:3,1
DA:4,1
LF:4
LH:4
BRDA:3,0,0,2
BRF:1
BRH:1
end_of_record
TN:
SF:src/Domain/utils/transform-monetary-two-digits.domain.utils.ts
FN:1,transformMonetaryValueInTwoDecimalsValue
FNF:1
FNH:1
FNDA:33,transformMonetaryValueInTwoDecimalsValue
DA:1,1
DA:2,33
DA:3,1
LF:3
LH:3
BRDA:1,0,0,33
BRF:1
BRH:1
end_of_record
TN:
SF:src/Domain/utils/transform-string-to-lowercase.domain.util.ts
FN:1,transformStringToLowerCase
FNF:1
FNH:1
FNDA:2,transformStringToLowerCase
DA:1,1
DA:2,1
LF:2
LH:2
BRDA:1,0,0,2
BRF:1
BRH:1
end_of_record
TN:
SF:src/Domain/utils/transform-string-to-uppercase.domain.util.ts
FN:1,transformStringToUpperCase
FNF:1
FNH:1
FNDA:2,transformStringToUpperCase
DA:1,1
DA:2,1
LF:2
LH:2
BRDA:1,0,0,2
BRF:1
BRH:1
end_of_record
TN:
SF:src/Domain/utils/validate-bcrypt-hash.domain.util.ts
FN:2,isBcryptHash
FNF:1
FNH:1
FNDA:9,isBcryptHash
DA:1,1
DA:2,1
DA:3,9
DA:4,9
DA:5,9
DA:6,1
LF:6
LH:6
BRDA:2,0,0,9
BRF:1
BRH:1
end_of_record
TN:
SF:src/Domain/utils/validate-email.domain.util.ts
FN:2,isValidEmail
FNF:1
FNH:1
FNDA:3,isValidEmail
DA:1,1
DA:2,1
DA:3,3
DA:4,3
LF:4
LH:4
BRDA:2,0,0,3
BRF:1
BRH:1
end_of_record
TN:
SF:src/Domain/utils/validate-is-string-in-enum.domain.util.ts
FN:16,enumIncludesValue
FNF:1
FNH:1
FNDA:5,enumIncludesValue
DA:1,1
DA:2,1
DA:3,1
DA:4,1
DA:5,1
DA:6,1
DA:7,1
DA:8,1
DA:9,1
DA:10,1
DA:11,1
DA:12,1
DA:13,1
DA:14,1
DA:15,1
DA:16,1
DA:17,1
LF:17
LH:17
BRDA:16,0,0,5
BRF:1
BRH:1
end_of_record
TN:
SF:src/Domain/utils/validate-link.domain.util.ts
FN:2,validateLink
FNF:1
FNH:1
FNDA:67,validateLink
DA:1,1
DA:2,1
LF:2
LH:2
BRDA:2,0,0,67
BRF:1
BRH:1
end_of_record
TN:
SF:src/Domain/utils/validate-number-between-max-and-min.domain.util.ts
FN:13,validateNumberBetweenMaxAndMin
FNF:1
FNH:1
FNDA:6,validateNumberBetweenMaxAndMin
DA:1,1
DA:2,1
DA:3,1
DA:4,1
DA:5,1
DA:6,1
DA:7,1
DA:8,1
DA:9,1
DA:10,1
DA:11,1
DA:12,1
DA:13,1
DA:14,6
DA:15,6
DA:16,6
DA:17,6
LF:17
LH:17
BRDA:13,0,0,6
BRF:1
BRH:1
end_of_record
TN:
SF:src/Domain/utils/validate-number-is-greatter-or-equal-to-zero.domain.util.ts
FN:6,validateNumberGreatterOrEqualToZero
FNF:1
FNH:1
FNDA:29,validateNumberGreatterOrEqualToZero
DA:1,1
DA:2,1
DA:3,1
DA:4,1
DA:5,1
DA:6,1
DA:7,29
DA:8,29
LF:8
LH:8
BRDA:6,0,0,29
BRF:1
BRH:1
end_of_record
TN:
SF:src/Domain/utils/validate-number-is-greatter-than-zero.domain.util.ts
FN:6,validateNumberGreatterThanZero
FNF:1
FNH:1
FNDA:11,validateNumberGreatterThanZero
DA:1,1
DA:2,1
DA:3,1
DA:4,1
DA:5,1
DA:6,1
DA:7,11
DA:8,11
LF:8
LH:8
BRDA:6,0,0,11
BRF:1
BRH:1
end_of_record
TN:
SF:src/Domain/utils/validate-string-length.domain.util.ts
FN:13,validateStringLengthBetweenMaxAndMin
FNF:1
FNH:1
FNDA:68,validateStringLengthBetweenMaxAndMin
DA:1,1
DA:2,1
DA:3,1
DA:4,1
DA:5,1
DA:6,1
DA:7,1
DA:8,1
DA:9,1
DA:10,1
DA:11,1
DA:12,1
DA:13,1
DA:14,68
DA:15,68
DA:16,68
DA:17,68
DA:18,68
DA:19,68
DA:20,68
LF:20
LH:20
BRDA:13,0,0,68
BRDA:18,1,0,0
BRF:2
BRH:1
end_of_record
TN:
SF:src/Domain/value-objects/email/Email.value-object.ts
FN:12,EmailValueObject
FN:19,get value
FN:28,create
FNF:3
FNH:3
FNDA:2,EmailValueObject
FNDA:2,get value
FNDA:3,create
DA:1,1
DA:2,1
DA:3,1
DA:4,1
DA:5,1
DA:6,1
DA:7,1
DA:8,1
DA:9,1
DA:10,1
DA:11,1
DA:12,1
DA:13,2
DA:14,2
DA:15,1
DA:16,1
DA:17,1
DA:18,1
DA:19,1
DA:20,2
DA:21,2
DA:22,1
DA:23,1
DA:24,1
DA:25,1
DA:26,1
DA:27,1
DA:28,1
DA:29,3
DA:30,3
DA:31,1
DA:32,1
DA:33,2
DA:34,2
DA:35,2
DA:36,2
DA:37,2
DA:38,1
LF:38
LH:38
BRDA:12,0,0,2
BRDA:19,1,0,2
BRDA:28,2,0,3
BRDA:30,3,0,1
BRDA:33,4,0,2
BRF:5
BRH:5
end_of_record
TN:
SF:src/Domain/value-objects/id/Id.value-object.ts
FN:3,IdValueObject
FN:7,get id
FN:11,create
FNF:3
FNH:3
FNDA:2,IdValueObject
FNDA:4,get id
FNDA:2,create
DA:1,1
DA:2,1
DA:3,1
DA:4,2
DA:5,2
DA:6,1
DA:7,1
DA:8,4
DA:9,4
DA:10,1
DA:11,1
DA:12,2
DA:13,2
DA:14,1
LF:14
LH:14
BRDA:3,0,0,2
BRDA:7,1,0,4
BRDA:11,2,0,2
BRF:3
BRH:3
end_of_record
TN:
SF:src/Domain/value-objects/image/Image.value-object.ts
FN:13,ImageValueObject
FN:20,get value
FN:29,create
FNF:3
FNH:3
FNDA:66,ImageValueObject
FNDA:9,get value
FNDA:67,create
DA:1,1
DA:2,1
DA:3,1
DA:4,1
DA:5,1
DA:6,1
DA:7,1
DA:8,1
DA:9,1
DA:10,1
DA:11,1
DA:12,1
DA:13,1
DA:14,66
DA:15,66
DA:16,1
DA:17,1
DA:18,1
DA:19,1
DA:20,1
DA:21,9
DA:22,9
DA:23,1
DA:24,1
DA:25,1
DA:26,1
DA:27,1
DA:28,1
DA:29,1
DA:30,67
DA:31,67
DA:32,1
DA:33,1
DA:34,66
DA:35,66
DA:36,1
LF:36
LH:36
BRDA:13,0,0,66
BRDA:20,1,0,9
BRDA:29,2,0,67
BRDA:31,3,0,66
BRDA:31,4,0,1
BRF:5
BRH:5
end_of_record
TN:
SF:src/Domain/value-objects/monetary/Monetary.value-object.ts
FN:23,MonetaryValueObject
FN:30,get value
FN:38,get type
FN:46,getCurrencyStringValue
FN:54,getRealCurrencyStringValuePositiveOrNegative
FN:62,getRealValuePositiveOrNegative
FN:74,create
FNF:7
FNH:7
FNDA:33,MonetaryValueObject
FNDA:5,get value
FNDA:26,get type
FNDA:2,getCurrencyStringValue
FNDA:1,getRealCurrencyStringValuePositiveOrNegative
FNDA:3,getRealValuePositiveOrNegative
FNDA:33,create
DA:1,1
DA:2,1
DA:3,1
DA:4,1
DA:5,1
DA:6,1
DA:7,1
DA:8,1
DA:9,3
DA:10,3
DA:11,3
DA:12,3
DA:13,1
DA:14,1
DA:15,1
DA:16,1
DA:17,1
DA:18,1
DA:19,1
DA:20,1
DA:21,1
DA:22,1
DA:23,1
DA:24,33
DA:25,33
DA:26,1
DA:27,1
DA:28,1
DA:29,1
DA:30,1
DA:31,5
DA:32,5
DA:33,1
DA:34,1
DA:35,1
DA:36,1
DA:37,1
DA:38,1
DA:39,26
DA:40,26
DA:41,1
DA:42,1
DA:43,1
DA:44,1
DA:45,1
DA:46,1
DA:47,2
DA:48,2
DA:49,1
DA:50,1
DA:51,1
DA:52,1
DA:53,1
DA:54,1
DA:55,1
DA:56,1
DA:57,1
DA:58,1
DA:59,1
DA:60,1
DA:61,1
DA:62,1
DA:63,3
DA:64,2
DA:65,2
DA:66,1
DA:67,1
DA:68,1
DA:69,1
DA:70,1
DA:71,1
DA:72,1
DA:73,1
DA:74,1
DA:75,33
DA:76,33
DA:77,1
DA:78,1
DA:79,1
DA:80,33
DA:81,33
DA:82,33
DA:83,1
LF:83
LH:83
BRDA:9,0,0,3
BRDA:23,1,0,33
BRDA:30,2,0,5
BRDA:38,3,0,26
BRDA:46,4,0,2
BRDA:54,5,0,1
BRDA:62,6,0,3
BRDA:63,7,0,2
BRDA:66,8,0,1
BRDA:74,9,0,33
BRDA:76,10,0,1
BRF:11
BRH:11
end_of_record
TN:
SF:src/Domain/value-objects/password/Password.value-object.ts
FN:21,PasswordValueObject
FN:28,get value
FN:35,isAlreadyEncrypted
FN:44,comparePassword
FN:54,encryptPassword
FN:68,create
FNF:6
FNH:6
FNDA:7,PasswordValueObject
FNDA:6,get value
FNDA:5,isAlreadyEncrypted
FNDA:4,comparePassword
FNDA:5,encryptPassword
FNDA:9,create
DA:1,1
DA:2,1
DA:3,1
DA:4,1
DA:5,1
DA:6,1
DA:7,1
DA:8,1
DA:9,1
DA:10,1
DA:11,1
DA:12,1
DA:13,1
DA:14,1
DA:15,1
DA:16,1
DA:17,1
DA:18,1
DA:19,1
DA:20,1
DA:21,1
DA:22,7
DA:23,7
DA:24,1
DA:25,1
DA:26,1
DA:27,1
DA:28,1
DA:29,6
DA:30,6
DA:31,1
DA:32,1
DA:33,1
DA:34,1
DA:35,1
DA:36,5
DA:37,5
DA:38,1
DA:39,1
DA:40,1
DA:41,1
DA:42,1
DA:43,1
DA:44,1
DA:45,4
DA:46,2
DA:47,2
DA:48,2
DA:49,2
DA:50,1
DA:51,1
DA:52,1
DA:53,1
DA:54,1
DA:55,5
DA:56,1
DA:57,1
DA:58,4
DA:59,4
DA:60,4
DA:61,1
DA:62,1
DA:63,1
DA:64,1
DA:65,1
DA:66,1
DA:67,1
DA:68,1
DA:69,9
DA:70,9
DA:71,9
DA:72,1
DA:73,1
DA:74,1
DA:75,1
DA:76,9
DA:77,1
DA:78,1
DA:79,1
DA:80,1
DA:81,7
DA:82,7
DA:83,7
DA:84,7
DA:85,1
LF:85
LH:85
BRDA:21,0,0,7
BRDA:28,1,0,6
BRDA:35,2,0,5
BRDA:44,3,0,4
BRDA:45,4,0,2
BRDA:54,5,0,5
BRDA:55,6,0,1
BRDA:58,7,0,4
BRDA:68,8,0,9
BRDA:71,9,0,1
BRDA:76,10,0,8
BRDA:76,11,0,2
BRDA:76,12,0,1
BRDA:81,13,0,7
BRF:14
BRH:14
end_of_record
TN:
SF:src/Domain/value-objects/state-initials/StateInitials.value-object.ts
FN:44,InitialStateValueObject
FN:48,get value
FN:52,create
FNF:3
FNH:3
FNDA:4,InitialStateValueObject
FNDA:4,get value
FNDA:6,create
DA:1,1
DA:2,1
DA:3,1
DA:4,1
DA:5,1
DA:6,1
DA:7,1
DA:8,1
DA:9,1
DA:10,1
DA:11,1
DA:12,1
DA:13,3
DA:14,3
DA:15,3
DA:16,3
DA:17,3
DA:18,3
DA:19,3
DA:20,3
DA:21,3
DA:22,3
DA:23,3
DA:24,3
DA:25,3
DA:26,3
DA:27,3
DA:28,3
DA:29,3
DA:30,3
DA:31,3
DA:32,3
DA:33,3
DA:34,3
DA:35,3
DA:36,3
DA:37,3
DA:38,3
DA:39,3
DA:40,3
DA:41,3
DA:42,1
DA:43,1
DA:44,1
DA:45,4
DA:46,4
DA:47,1
DA:48,1
DA:49,4
DA:50,4
DA:51,1
DA:52,1
DA:53,6
DA:54,6
DA:55,6
DA:56,6
DA:57,6
DA:58,6
DA:59,6
DA:60,1
DA:61,1
DA:62,1
DA:63,1
DA:64,5
DA:65,5
DA:66,5
DA:67,6
DA:68,1
DA:69,1
DA:70,4
DA:71,4
DA:72,4
DA:73,4
DA:74,4
DA:75,4
DA:76,6
DA:77,0
DA:78,0
DA:79,4
DA:80,4
DA:81,4
DA:82,4
DA:83,4
DA:84,4
DA:85,4
DA:86,1
LF:86
LH:84
BRDA:13,0,0,3
BRDA:44,1,0,4
BRDA:48,2,0,4
BRDA:52,3,0,6
BRDA:59,4,0,1
BRDA:64,5,0,5
BRDA:67,6,0,1
BRDA:70,7,0,4
BRDA:76,8,0,0
BRDA:79,9,0,4
BRDA:73,10,0,68
BRF:11
BRH:10
end_of_record
